2025-02-10 05:55:58.468 [info] Extension host with pid 1191 started
2025-02-10 05:55:58.468 [error] Error: EEXIST: file already exists, open '/home/yun777567/.codeoss/data/User/workspaceStorage/34f8d023/vscode.lock'
2025-02-10 05:55:58.490 [info] Lock '/home/yun777567/.codeoss/data/User/workspaceStorage/34f8d023/vscode.lock': Could not acquire lock, checking if the file is stale.
2025-02-10 05:55:58.491 [info] Lock '/home/yun777567/.codeoss/data/User/workspaceStorage/34f8d023/vscode.lock': The lock does not look stale, elapsed: 272379 ms, giving up.
2025-02-10 05:55:58.493 [error] Error: EEXIST: file already exists, open '/home/yun777567/.codeoss/data/User/workspaceStorage/34f8d023-1/vscode.lock'
2025-02-10 05:55:58.503 [info] Lock '/home/yun777567/.codeoss/data/User/workspaceStorage/34f8d023-1/vscode.lock': Could not acquire lock, checking if the file is stale.
2025-02-10 05:55:58.504 [info] Lock '/home/yun777567/.codeoss/data/User/workspaceStorage/34f8d023-1/vscode.lock': The pid 1216 appears to be gone.
2025-02-10 05:55:58.504 [info] Lock '/home/yun777567/.codeoss/data/User/workspaceStorage/34f8d023-1/vscode.lock': Deleting a stale lock.
2025-02-10 05:55:58.510 [info] Lock '/home/yun777567/.codeoss/data/User/workspaceStorage/34f8d023-1/vscode.lock': Lock acquired.
2025-02-10 05:55:58.600 [info] ExtensionService#_doActivateExtension vscode.emmet, startup: false, activationEvent: 'onLanguage'
2025-02-10 05:55:58.602 [info] ExtensionService#_doActivateExtension vscode.configuration-editing, startup: false, activationEvent: 'onLanguage:jsonc'
2025-02-10 05:55:58.602 [info] ExtensionService#_doActivateExtension vscode.json-language-features, startup: false, activationEvent: 'onLanguage:jsonc'
2025-02-10 05:55:58.603 [info] ExtensionService#_doActivateExtension vscode.typescript-language-features, startup: false, activationEvent: 'onLanguage:jsonc'
2025-02-10 05:55:59.203 [info] ExtensionService#_doActivateExtension vscode.git-base, startup: true, activationEvent: '*', root cause: vscode.git
2025-02-10 05:55:59.219 [info] ExtensionService#_doActivateExtension vscode.npm, startup: true, activationEvent: 'workspaceContains:package.json'
2025-02-10 05:55:59.282 [info] ExtensionService#_doActivateExtension vscode.git, startup: true, activationEvent: '*'
2025-02-10 05:55:59.283 [info] ExtensionService#_doActivateExtension vscode.github, startup: true, activationEvent: '*'
2025-02-10 05:55:59.800 [info] ExtensionService#_doActivateExtension redhat.fabric8-analytics, startup: true, activationEvent: 'workspaceContains:**/package.json,**/pom.xml,**/go.mod,**/requirements.txt,**/build.gradle,**/Dockerfile,**/Containerfile'
2025-02-10 05:56:00.288 [info] Eager extensions activated
2025-02-10 05:56:00.288 [info] ExtensionService#_doActivateExtension EditorConfig.EditorConfig, startup: false, activationEvent: 'onStartupFinished'
2025-02-10 05:56:00.289 [info] ExtensionService#_doActivateExtension google.cloud-shell, startup: false, activationEvent: 'onStartupFinished'
2025-02-10 05:56:00.289 [info] ExtensionService#_doActivateExtension google.geminicodeassist, startup: false, activationEvent: 'onStartupFinished', root cause: googlecloudtools.cloudcode
2025-02-10 05:56:00.289 [info] ExtensionService#_doActivateExtension vscode.debug-auto-launch, startup: false, activationEvent: 'onStartupFinished'
2025-02-10 05:56:00.290 [info] ExtensionService#_doActivateExtension vscode.merge-conflict, startup: false, activationEvent: 'onStartupFinished'
2025-02-10 05:56:02.127 [info] ExtensionService#_doActivateExtension googlecloudtools.cloudcode, startup: false, activationEvent: 'onStartupFinished'
2025-02-10 05:56:05.273 [info] ExtensionService#_doActivateExtension vscode.extension-editing, startup: false, activationEvent: 'onLanguage:json'
