Initializing document watcher...
Document watcher initialized
my-firebase-project/tsconfig.json: {}
my-firebase-project/tsconfig.json: {}
my-firebase-project/tsconfig.json: Using EditorConfig core...
my-firebase-project/tsconfig.json: Using EditorConfig core...
my-firebase-project/tsconfig.json: {}
my-firebase-project/src/tests/testLogin.ts: {}
my-firebase-project/src/tests/testLogin.ts: {}
my-firebase-project/src/tests/testRegister.ts: {}
my-firebase-project/src/tests/testRegister.ts: {}
my-firebase-project/src/tests/testRegister.ts: {}
my-firebase-project/src/tests/testRegister.ts: {}
my-firebase-project/src/tests/testRegister.ts: {}
my-firebase-project/tsconfig.json: {}
my-firebase-project/tsconfig.json: {}
my-firebase-project/tsconfig.json: {}
my-firebase-project/tsconfig.json: {}
my-firebase-project/src/tests/testLogin.ts: {}
my-firebase-project/src/tests/testLogin.ts: {}
my-firebase-project/src/tests/testLogin.ts: {}
my-firebase-project/src/tests/testLogin.ts: Using EditorConfig core...
my-firebase-project/src/tests/testLogin.ts: {}
my-firebase-project/.firebaserc: {}
my-firebase-project/firebase.json: {}
my-firebase-project/src/lib/firebase/db.ts: {}
my-firebase-project/src/lib/firebase/firebase.ts: {}
my-firebase-project/src/lib/firebase/firebase.ts: {}
my-firebase-project/src/lib/firebase/firebase.ts: {}
my-firebase-project/src/lib/firebase/firebase.ts: {}
my-firebase-project/src/lib/firebase/db.ts: {}
my-firebase-project/src/lib/firebase/db.ts: {}
my-firebase-project/src/lib/firebase/db.ts: {}
my-firebase-project/src/lib/firebase/config.ts: {}
my-firebase-project/src/lib/firebase/config.ts: {}
my-firebase-project/src/lib/firebase/config.ts: {}
my-firebase-project/src/lib/firebase/auth.ts: {}
my-firebase-project/src/lib/firebase/auth.ts: {}
my-firebase-project/src/lib/firebase/auth.ts: {}
my-firebase-project/src/tests/testRegister.ts: {}
my-firebase-project/src/tests/testRegister.ts: {}
my-firebase-project/src/tests/testRegister.ts: {}
my-firebase-project/src/tests/testRegister.ts: {}
my-firebase-project/src/tests/testRegister.ts: {}
my-firebase-project/src/lib/firebase/auth.ts: {}
my-firebase-project/src/lib/firebase/auth.ts: Using EditorConfig core...
my-firebase-project/src/lib/firebase/auth.ts: Using EditorConfig core...
my-firebase-project/src/lib/firebase/auth.ts: {}
my-firebase-project/src/tests/testLogin.ts: {}
my-firebase-project/src/tests/testLogin.ts: Using EditorConfig core...
my-firebase-project/src/tests/testLogin.ts: Using EditorConfig core...
my-firebase-project/src/tests/testLogin.ts: {}
my-firebase-project/src/tests/testRegister.ts: {}
my-firebase-project/src/tests/testRegister.ts: Using EditorConfig core...
my-firebase-project/src/tests/testRegister.ts: {}
my-firebase-project/src/tests/testRegister.ts: {}
my-firebase-project/src/tests/testRegister.ts: {}
my-firebase-project/src/lib/firebase/auth.ts: {}
my-firebase-project/src/lib/firebase/auth.ts: {}
my-firebase-project/src/lib/firebase/auth.ts: {}
my-firebase-project/src/lib/firebase/auth.ts: {}
my-firebase-project/src/lib/firebase/auth.ts: {}
my-firebase-project/src/tests/ㅅㄷㄴㅅ: {}
my-firebase-project/src/tests/ㅅㄷㄴㅅ: {}
my-firebase-project/src/tests/testUpdateProfile.ts: {}
my-firebase-project/src/tests/testUpdateProfile.ts: {}
my-firebase-project/src/tests/testUpdateProfile.ts: Using EditorConfig core...
my-firebase-project/src/tests/testUpdateProfile.ts: Using EditorConfig core...
my-firebase-project/src/tests/testUpdateProfile.ts: {}
my-firebase-project/src/lib/firebase/auth.ts: {}
my-firebase-project/src/lib/firebase/auth.ts: {}
my-firebase-project/src/lib/firebase/auth.ts: Using EditorConfig core...
my-firebase-project/src/lib/firebase/auth.ts: Using EditorConfig core...
my-firebase-project/src/lib/firebase/auth.ts: {}
my-firebase-project/src/tests/testUpdateProfile.ts: {}
my-firebase-project/src/tests/testUpdateProfile.ts: Using EditorConfig core...
my-firebase-project/src/tests/testUpdateProfile.ts: {}
my-firebase-project/src/tests/testUpdateProfile.ts: {}
my-firebase-project/src/tests/testUpdateProfile.ts: Using EditorConfig core...
my-firebase-project/src/tests/testUpdateProfile.ts: Using EditorConfig core...
my-firebase-project/src/tests/testUpdateProfile.ts: {}
my-firebase-project/src/tests/testUpdateProfile.ts: {}
my-firebase-project/src/tests/testUpdateProfile.ts: {}
my-firebase-project/src/tests/testUpdateProfile.ts: {}
my-firebase-project/firestore.rules: {}
my-firebase-project/firestore.rules: Using EditorConfig core...
my-firebase-project/firestore.rules: Using EditorConfig core...
my-firebase-project/firestore.rules: {}
my-firebase-project/firestore.rules: {}
my-firebase-project/firestore.rules: {}
my-firebase-project/firestore.rules: {}
my-firebase-project/firestore.rules: {}
my-firebase-project/firestore.rules: Using EditorConfig core...
my-firebase-project/firestore.rules: Using EditorConfig core...
my-firebase-project/firestore.rules: {}
my-firebase-project/firestore.rules: {}
my-firebase-project/firestore.rules: {}
my-firebase-project/firestore.rules: {}
my-firebase-project/firestore.rules: {}
my-firebase-project/firestore.rules: {}
my-firebase-project/firestore.rules: Using EditorConfig core...
my-firebase-project/firestore.rules: {}
my-firebase-project/firestore.rules: {}
my-firebase-project/firestore.rules: Using EditorConfig core...
my-firebase-project/firestore.rules: {}
my-firebase-project/firestore.rules: {}
my-firebase-project/firestore.indexes.json: {}
my-firebase-project/firestore.rules: {}
my-firebase-project/firestore.rules: {}
my-firebase-project/firestore.tules: {}
my-firebase-project/firestore.tules: {}
my-firebase-project/firestore.tules: {}
my-firebase-project/firestore.rules: {}
my-firebase-project/firestore.rules: {}
my-firebase-project/firestore.rules: Using EditorConfig core...
my-firebase-project/firestore.rules: {}
my-firebase-project/firestore.rules: {}
my-firebase-project/firestore.rules: Using EditorConfig core...
my-firebase-project/firestore.rules: {}
my-firebase-project/firestore.rules: Using EditorConfig core...
my-firebase-project/firestore.rules: {}
my-firebase-project/firestore.rules: {}
my-firebase-project/firestore.rules: {}
my-firebase-project/firestore.rules: {}
my-firebase-project/firestore.rules: Using EditorConfig core...
my-firebase-project/firestore.rules: Using EditorConfig core...
my-firebase-project/firestore.rules: {}
my-firebase-project/firestore.rules: {}
my-firebase-project/firestore.rules: {}
my-firebase-project/firestore.rules: {}
my-firebase-project/firestore.rules: {}
my-firebase-project/firestore.rules: Using EditorConfig core...
my-firebase-project/firestore.rules: Using EditorConfig core...
my-firebase-project/firestore.rules: {}
