0 verbose cli /usr/local/nvm/versions/node/v22.13.1/bin/node /usr/local/nvm/versions/node/v22.13.1/bin/npm
1 info using npm@11.0.0
2 info using node@v22.13.1
3 silly config load:file:/usr/local/nvm/versions/node/v22.13.1/lib/node_modules/npm/npmrc
4 silly config load:file:/home/yun777567/my-firebase-project/.npmrc
5 silly config load:file:/home/yun777567/.npmrc
6 silly config load:file:/home/yun777567/my-firebase-project/etc/npmrc
7 verbose title npm i
8 verbose argv "i" "--package-lock-only" "--prefix" "/home/yun777567/my-firebase-project"
9 verbose logfile logs-max:10 dir:/home/yun777567/.npm/_logs/2025-02-10T10_08_54_497Z-
10 verbose logfile /home/yun777567/.npm/_logs/2025-02-10T10_08_54_497Z-debug-0.log
11 silly logfile start cleaning logs, removing 3 files
12 silly packumentCache heap:4345298944 maxSize:1086324736 maxEntrySize:543162368
13 silly logfile done cleaning log files
14 silly idealTree buildDeps
15 silly audit bulk request {
15 silly audit   '@ampproject/remapping': [ '2.3.0' ],
15 silly audit   '@babel/code-frame': [ '7.26.2' ],
15 silly audit   '@babel/compat-data': [ '7.26.8' ],
15 silly audit   '@babel/core': [ '7.26.8' ],
15 silly audit   '@babel/generator': [ '7.26.8' ],
15 silly audit   '@babel/helper-compilation-targets': [ '7.26.5' ],
15 silly audit   '@babel/helper-module-imports': [ '7.25.9' ],
15 silly audit   '@babel/helper-module-transforms': [ '7.26.0' ],
15 silly audit   '@babel/helper-plugin-utils': [ '7.26.5' ],
15 silly audit   '@babel/helper-string-parser': [ '7.25.9' ],
15 silly audit   '@babel/helper-validator-identifier': [ '7.25.9' ],
15 silly audit   '@babel/helper-validator-option': [ '7.25.9' ],
15 silly audit   '@babel/helpers': [ '7.26.7' ],
15 silly audit   '@babel/parser': [ '7.26.8' ],
15 silly audit   '@babel/plugin-syntax-async-generators': [ '7.8.4' ],
15 silly audit   '@babel/plugin-syntax-bigint': [ '7.8.3' ],
15 silly audit   '@babel/plugin-syntax-class-properties': [ '7.12.13' ],
15 silly audit   '@babel/plugin-syntax-class-static-block': [ '7.14.5' ],
15 silly audit   '@babel/plugin-syntax-import-attributes': [ '7.26.0' ],
15 silly audit   '@babel/plugin-syntax-import-meta': [ '7.10.4' ],
15 silly audit   '@babel/plugin-syntax-json-strings': [ '7.8.3' ],
15 silly audit   '@babel/plugin-syntax-jsx': [ '7.25.9' ],
15 silly audit   '@babel/plugin-syntax-logical-assignment-operators': [ '7.10.4' ],
15 silly audit   '@babel/plugin-syntax-nullish-coalescing-operator': [ '7.8.3' ],
15 silly audit   '@babel/plugin-syntax-numeric-separator': [ '7.10.4' ],
15 silly audit   '@babel/plugin-syntax-object-rest-spread': [ '7.8.3' ],
15 silly audit   '@babel/plugin-syntax-optional-catch-binding': [ '7.8.3' ],
15 silly audit   '@babel/plugin-syntax-optional-chaining': [ '7.8.3' ],
15 silly audit   '@babel/plugin-syntax-private-property-in-object': [ '7.14.5' ],
15 silly audit   '@babel/plugin-syntax-top-level-await': [ '7.14.5' ],
15 silly audit   '@babel/plugin-syntax-typescript': [ '7.25.9' ],
15 silly audit   '@babel/template': [ '7.26.8' ],
15 silly audit   '@babel/traverse': [ '7.26.8' ],
15 silly audit   '@babel/types': [ '7.26.8' ],
15 silly audit   '@bcoe/v8-coverage': [ '0.2.3' ],
15 silly audit   '@fastify/busboy': [ '3.1.1' ],
15 silly audit   '@firebase/analytics': [ '0.10.8' ],
15 silly audit   '@firebase/analytics-compat': [ '0.2.14' ],
15 silly audit   '@firebase/analytics-types': [ '0.8.2' ],
15 silly audit   '@firebase/app': [ '0.10.13' ],
15 silly audit   '@firebase/app-check': [ '0.8.8' ],
15 silly audit   '@firebase/app-check-compat': [ '0.3.15' ],
15 silly audit   '@firebase/app-check-interop-types': [ '0.3.2' ],
15 silly audit   '@firebase/app-check-types': [ '0.5.2' ],
15 silly audit   '@firebase/app-compat': [ '0.2.43' ],
15 silly audit   '@firebase/app-types': [ '0.9.2' ],
15 silly audit   '@firebase/auth': [ '1.7.9' ],
15 silly audit   '@firebase/auth-compat': [ '0.5.14' ],
15 silly audit   '@firebase/auth-interop-types': [ '0.2.3' ],
15 silly audit   '@firebase/auth-types': [ '0.12.2' ],
15 silly audit   '@firebase/component': [ '0.6.9' ],
15 silly audit   '@firebase/data-connect': [ '0.1.0' ],
15 silly audit   '@firebase/database': [ '1.0.8' ],
15 silly audit   '@firebase/database-compat': [ '1.0.8' ],
15 silly audit   '@firebase/database-types': [ '1.0.5' ],
15 silly audit   '@firebase/firestore': [ '4.7.3' ],
15 silly audit   '@firebase/firestore-compat': [ '0.3.38' ],
15 silly audit   '@firebase/firestore-types': [ '3.0.2' ],
15 silly audit   '@firebase/functions': [ '0.11.8' ],
15 silly audit   '@firebase/functions-compat': [ '0.3.14' ],
15 silly audit   '@firebase/functions-types': [ '0.6.2' ],
15 silly audit   '@firebase/installations': [ '0.6.9' ],
15 silly audit   '@firebase/installations-compat': [ '0.2.9' ],
15 silly audit   '@firebase/installations-types': [ '0.5.2' ],
15 silly audit   '@firebase/logger': [ '0.4.2' ],
15 silly audit   '@firebase/messaging': [ '0.12.12' ],
15 silly audit   '@firebase/messaging-compat': [ '0.2.12' ],
15 silly audit   '@firebase/messaging-interop-types': [ '0.2.2' ],
15 silly audit   '@firebase/performance': [ '0.6.9' ],
15 silly audit   '@firebase/performance-compat': [ '0.2.9' ],
15 silly audit   '@firebase/performance-types': [ '0.2.2' ],
15 silly audit   '@firebase/remote-config': [ '0.4.9' ],
15 silly audit   '@firebase/remote-config-compat': [ '0.2.9' ],
15 silly audit   '@firebase/remote-config-types': [ '0.3.2' ],
15 silly audit   '@firebase/rules-unit-testing': [ '3.0.4' ],
15 silly audit   '@firebase/storage': [ '0.13.2' ],
15 silly audit   '@firebase/storage-compat': [ '0.3.12' ],
15 silly audit   '@firebase/storage-types': [ '0.8.2' ],
15 silly audit   '@firebase/util': [ '1.10.0' ],
15 silly audit   '@firebase/vertexai-preview': [ '0.0.4' ],
15 silly audit   '@firebase/webchannel-wrapper': [ '1.0.1' ],
15 silly audit   '@google-cloud/firestore': [ '7.11.0' ],
15 silly audit   '@google-cloud/paginator': [ '5.0.2' ],
15 silly audit   '@google-cloud/projectify': [ '4.0.0' ],
15 silly audit   '@google-cloud/promisify': [ '4.0.0' ],
15 silly audit   '@google-cloud/storage': [ '7.15.0' ],
15 silly audit   uuid: [ '8.3.2', '9.0.1', '10.0.0' ],
15 silly audit   '@grpc/grpc-js': [ '1.9.15', '1.12.6' ],
15 silly audit   '@grpc/proto-loader': [ '0.7.13' ],
15 silly audit   '@istanbuljs/load-nyc-config': [ '1.1.0' ],
15 silly audit   '@istanbuljs/schema': [ '0.1.3' ],
15 silly audit   '@jest/console': [ '29.7.0' ],
15 silly audit   '@jest/core': [ '29.7.0' ],
15 silly audit   '@jest/environment': [ '29.7.0' ],
15 silly audit   '@jest/expect': [ '29.7.0' ],
15 silly audit   '@jest/expect-utils': [ '29.7.0' ],
15 silly audit   '@jest/fake-timers': [ '29.7.0' ],
15 silly audit   '@jest/globals': [ '29.7.0' ],
15 silly audit   '@jest/reporters': [ '29.7.0' ],
15 silly audit   '@jest/schemas': [ '29.6.3' ],
15 silly audit   '@jest/source-map': [ '29.6.3' ],
15 silly audit   '@jest/test-result': [ '29.7.0' ],
15 silly audit   '@jest/test-sequencer': [ '29.7.0' ],
15 silly audit   '@jest/transform': [ '29.7.0' ],
15 silly audit   '@jest/types': [ '29.6.3' ],
15 silly audit   '@jridgewell/gen-mapping': [ '0.3.8' ],
15 silly audit   '@jridgewell/resolve-uri': [ '3.1.2' ],
15 silly audit   '@jridgewell/set-array': [ '1.2.1' ],
15 silly audit   '@jridgewell/sourcemap-codec': [ '1.5.0' ],
15 silly audit   '@jridgewell/trace-mapping': [ '0.3.25' ],
15 silly audit   '@js-sdsl/ordered-map': [ '4.4.2' ],
15 silly audit   '@opentelemetry/api': [ '1.9.0' ],
15 silly audit   '@protobufjs/aspromise': [ '1.1.2' ],
15 silly audit   '@protobufjs/base64': [ '1.1.2' ],
15 silly audit   '@protobufjs/codegen': [ '2.0.4' ],
15 silly audit   '@protobufjs/eventemitter': [ '1.1.0' ],
15 silly audit   '@protobufjs/fetch': [ '1.1.0' ],
15 silly audit   '@protobufjs/float': [ '1.0.2' ],
15 silly audit   '@protobufjs/inquire': [ '1.1.0' ],
15 silly audit   '@protobufjs/path': [ '1.1.2' ],
15 silly audit   '@protobufjs/pool': [ '1.1.0' ],
15 silly audit   '@protobufjs/utf8': [ '1.1.0' ],
15 silly audit   '@sinclair/typebox': [ '0.27.8' ],
15 silly audit   '@sinonjs/commons': [ '3.0.1' ],
15 silly audit   '@sinonjs/fake-timers': [ '10.3.0' ],
15 silly audit   '@tootallnate/once': [ '2.0.0' ],
15 silly audit   '@types/babel__core': [ '7.20.5' ],
15 silly audit   '@types/babel__generator': [ '7.6.8' ],
15 silly audit   '@types/babel__template': [ '7.4.4' ],
15 silly audit   '@types/babel__traverse': [ '7.20.6' ],
15 silly audit   '@types/body-parser': [ '1.19.5' ],
15 silly audit   '@types/caseless': [ '0.12.5' ],
15 silly audit   '@types/connect': [ '3.4.38' ],
15 silly audit   '@types/express': [ '4.17.21' ],
15 silly audit   '@types/express-serve-static-core': [ '4.19.6' ],
15 silly audit   '@types/gensync': [ '1.0.4' ],
15 silly audit   '@types/graceful-fs': [ '4.1.9' ],
15 silly audit   '@types/http-errors': [ '2.0.4' ],
15 silly audit   '@types/istanbul-lib-coverage': [ '2.0.6' ],
15 silly audit   '@types/istanbul-lib-report': [ '3.0.3' ],
15 silly audit   '@types/istanbul-reports': [ '3.0.4' ],
15 silly audit   '@types/jest': [ '29.5.14' ],
15 silly audit   '@types/jsonwebtoken': [ '9.0.8' ],
15 silly audit   '@types/long': [ '4.0.2' ],
15 silly audit   '@types/mime': [ '1.3.5' ],
15 silly audit   '@types/ms': [ '2.1.0' ],
15 silly audit   '@types/node': [ '20.17.17', '22.13.1' ],
15 silly audit   '@types/node-fetch': [ '2.6.4' ],
15 silly audit   '@types/qs': [ '6.9.18' ],
15 silly audit   '@types/range-parser': [ '1.2.7' ],
15 silly audit   '@types/request': [ '2.48.12' ],
15 silly audit   'form-data': [ '2.5.2', '3.0.2' ],
15 silly audit   '@types/send': [ '0.17.4' ],
15 silly audit   '@types/serve-static': [ '1.15.7' ],
15 silly audit   '@types/stack-utils': [ '2.0.3' ],
15 silly audit   '@types/tough-cookie': [ '4.0.5' ],
15 silly audit   '@types/yargs': [ '17.0.33' ],
15 silly audit   '@types/yargs-parser': [ '21.0.3' ],
15 silly audit   'abort-controller': [ '3.0.0' ],
15 silly audit   'agent-base': [ '7.1.3', '6.0.2' ],
15 silly audit   'ansi-escapes': [ '4.3.2' ],
15 silly audit   'ansi-regex': [ '5.0.1' ],
15 silly audit   'ansi-styles': [ '4.3.0', '5.2.0' ],
15 silly audit   anymatch: [ '3.1.3' ],
15 silly audit   argparse: [ '1.0.10' ],
15 silly audit   arrify: [ '2.0.1' ],
15 silly audit   async: [ '3.2.6' ],
15 silly audit   'async-retry': [ '1.3.3' ],
15 silly audit   asynckit: [ '0.4.0' ],
15 silly audit   'babel-jest': [ '29.7.0' ],
15 silly audit   'babel-plugin-istanbul': [ '6.1.1' ],
15 silly audit   'istanbul-lib-instrument': [ '5.2.1', '6.0.3' ],
15 silly audit   'babel-plugin-jest-hoist': [ '29.6.3' ],
15 silly audit   'babel-preset-current-node-syntax': [ '1.1.0' ],
15 silly audit   'babel-preset-jest': [ '29.6.3' ],
15 silly audit   'balanced-match': [ '1.0.2' ],
15 silly audit   'base64-js': [ '1.5.1' ],
15 silly audit   'bignumber.js': [ '9.1.2' ],
15 silly audit   'brace-expansion': [ '1.1.11', '2.0.1' ],
15 silly audit   braces: [ '3.0.3' ],
15 silly audit   browserslist: [ '4.24.4' ],
15 silly audit   'bs-logger': [ '0.2.6' ],
15 silly audit   bser: [ '2.1.1' ],
15 silly audit   'buffer-equal-constant-time': [ '1.0.1' ],
15 silly audit   'buffer-from': [ '1.1.2' ],
15 silly audit   callsites: [ '3.1.0' ],
15 silly audit   camelcase: [ '5.3.1', '6.3.0' ],
15 silly audit   'caniuse-lite': [ '1.0.30001699' ],
15 silly audit   chalk: [ '4.1.2' ],
15 silly audit   'char-regex': [ '1.0.2' ],
15 silly audit   'ci-info': [ '3.9.0' ],
15 silly audit   'cjs-module-lexer': [ '1.4.3' ],
15 silly audit   cliui: [ '8.0.1' ],
15 silly audit   co: [ '4.6.0' ],
15 silly audit   'collect-v8-coverage': [ '1.0.2' ],
15 silly audit   'color-convert': [ '2.0.1' ],
15 silly audit   'color-name': [ '1.1.4' ],
15 silly audit   'combined-stream': [ '1.0.8' ],
15 silly audit   'concat-map': [ '0.0.1' ],
15 silly audit   'convert-source-map': [ '2.0.0' ],
15 silly audit   'create-jest': [ '29.7.0' ],
15 silly audit   'cross-spawn': [ '7.0.6' ],
15 silly audit   debug: [ '4.4.0' ],
15 silly audit   dedent: [ '1.5.3' ],
15 silly audit   deepmerge: [ '4.3.1' ],
15 silly audit   'delayed-stream': [ '1.0.0' ],
15 silly audit   'detect-newline': [ '3.1.0' ],
15 silly audit   'diff-sequences': [ '29.6.3' ],
15 silly audit   dotenv: [ '16.4.7' ],
15 silly audit   duplexify: [ '4.1.3' ],
15 silly audit   'ecdsa-sig-formatter': [ '1.0.11' ],
15 silly audit   ejs: [ '3.1.10' ],
15 silly audit   'electron-to-chromium': [ '1.5.96' ],
15 silly audit   emittery: [ '0.13.1' ],
15 silly audit   'emoji-regex': [ '8.0.0' ],
15 silly audit   'end-of-stream': [ '1.4.4' ],
15 silly audit   'error-ex': [ '1.3.2' ],
15 silly audit   escalade: [ '3.2.0' ],
15 silly audit   'escape-string-regexp': [ '2.0.0' ],
15 silly audit   esprima: [ '4.0.1' ],
15 silly audit   'event-target-shim': [ '5.0.1' ],
15 silly audit   execa: [ '5.1.1' ],
15 silly audit   exit: [ '0.1.2' ],
15 silly audit   expect: [ '29.7.0' ],
15 silly audit   extend: [ '3.0.2' ],
15 silly audit   'farmhash-modern': [ '1.1.0' ],
15 silly audit   'fast-deep-equal': [ '3.1.3' ],
15 silly audit   'fast-json-stable-stringify': [ '2.1.0' ],
15 silly audit   'fast-xml-parser': [ '4.5.1' ],
15 silly audit   'faye-websocket': [ '0.11.4' ],
15 silly audit   'fb-watchman': [ '2.0.2' ],
15 silly audit   filelist: [ '1.0.4' ],
15 silly audit   minimatch: [ '5.1.6', '3.1.2' ],
15 silly audit   'fill-range': [ '7.1.1' ],
15 silly audit   'find-up': [ '4.1.0' ],
15 silly audit   firebase: [ '10.14.1' ],
15 silly audit   'firebase-admin': [ '12.7.0' ],
15 silly audit   'undici-types': [ '6.20.0', '6.19.8' ],
15 silly audit   'fs.realpath': [ '1.0.0' ],
15 silly audit   fsevents: [ '2.3.3' ],
15 silly audit   'function-bind': [ '1.1.2' ],
15 silly audit   'functional-red-black-tree': [ '1.0.1' ],
15 silly audit   gaxios: [ '6.7.1' ],
15 silly audit   'node-fetch': [ '2.7.0', '2.6.7' ],
15 silly audit   'gcp-metadata': [ '6.1.1' ],
15 silly audit   gensync: [ '1.0.0-beta.2' ],
15 silly audit   'get-caller-file': [ '2.0.5' ],
15 silly audit   'get-package-type': [ '0.1.0' ],
15 silly audit   'get-stream': [ '6.0.1' ],
15 silly audit   glob: [ '7.2.3' ],
15 silly audit   globals: [ '11.12.0' ],
15 silly audit   'google-auth-library': [ '9.15.1' ],
15 silly audit   'google-gax': [ '4.4.1' ],
15 silly audit   'google-logging-utils': [ '0.0.2' ],
15 silly audit   'graceful-fs': [ '4.2.11' ],
15 silly audit   gtoken: [ '7.1.0' ],
15 silly audit   'has-flag': [ '4.0.0' ],
15 silly audit   hasown: [ '2.0.2' ],
15 silly audit   'html-entities': [ '2.5.2' ],
15 silly audit   'html-escaper': [ '2.0.2' ],
15 silly audit   'http-parser-js': [ '0.5.9' ],
15 silly audit   'http-proxy-agent': [ '5.0.0' ],
15 silly audit   'https-proxy-agent': [ '7.0.6', '5.0.1' ],
15 silly audit   'human-signals': [ '2.1.0' ],
15 silly audit   idb: [ '7.1.1' ],
15 silly audit   'import-local': [ '3.2.0' ],
15 silly audit   imurmurhash: [ '0.1.4' ],
15 silly audit   inflight: [ '1.0.6' ],
15 silly audit   inherits: [ '2.0.4' ],
15 silly audit   'is-arrayish': [ '0.2.1' ],
15 silly audit   'is-core-module': [ '2.16.1' ],
15 silly audit   'is-fullwidth-code-point': [ '3.0.0' ],
15 silly audit   'is-generator-fn': [ '2.1.0' ],
15 silly audit   'is-number': [ '7.0.0' ],
15 silly audit   'is-stream': [ '2.0.1' ],
15 silly audit   isexe: [ '2.0.0' ],
15 silly audit   'istanbul-lib-coverage': [ '3.2.2' ],
15 silly audit   semver: [ '7.7.1', '6.3.1' ],
15 silly audit   'istanbul-lib-report': [ '3.0.1' ],
15 silly audit   'istanbul-lib-source-maps': [ '4.0.1' ],
15 silly audit   'istanbul-reports': [ '3.1.7' ],
15 silly audit   jake: [ '10.9.2' ],
15 silly audit   jest: [ '29.7.0' ],
15 silly audit   'jest-changed-files': [ '29.7.0' ],
15 silly audit   'jest-circus': [ '29.7.0' ],
15 silly audit   'jest-cli': [ '29.7.0' ],
15 silly audit   'jest-config': [ '29.7.0' ],
15 silly audit   'jest-diff': [ '29.7.0' ],
15 silly audit   'jest-docblock': [ '29.7.0' ],
15 silly audit   'jest-each': [ '29.7.0' ],
15 silly audit   'jest-environment-node': [ '29.7.0' ],
15 silly audit   'jest-get-type': [ '29.6.3' ],
15 silly audit   'jest-haste-map': [ '29.7.0' ],
15 silly audit   'jest-leak-detector': [ '29.7.0' ],
15 silly audit   'jest-matcher-utils': [ '29.7.0' ],
15 silly audit   'jest-message-util': [ '29.7.0' ],
15 silly audit   'jest-mock': [ '29.7.0' ],
15 silly audit   'jest-pnp-resolver': [ '1.2.3' ],
15 silly audit   'jest-regex-util': [ '29.6.3' ],
15 silly audit   'jest-resolve': [ '29.7.0' ],
15 silly audit   'jest-resolve-dependencies': [ '29.7.0' ],
15 silly audit   'jest-runner': [ '29.7.0' ],
15 silly audit   'jest-runtime': [ '29.7.0' ],
15 silly audit   'jest-snapshot': [ '29.7.0' ],
15 silly audit   'jest-util': [ '29.7.0' ],
15 silly audit   'jest-validate': [ '29.7.0' ],
15 silly audit   'jest-watcher': [ '29.7.0' ],
15 silly audit   'jest-worker': [ '29.7.0' ],
15 silly audit   'supports-color': [ '8.1.1', '7.2.0' ],
15 silly audit   jose: [ '4.15.9' ],
15 silly audit   'js-tokens': [ '4.0.0' ],
15 silly audit   'js-yaml': [ '3.14.1' ],
15 silly audit   jsesc: [ '3.1.0' ],
15 silly audit   'json-bigint': [ '1.0.0' ],
15 silly audit   'json-parse-even-better-errors': [ '2.3.1' ],
15 silly audit   json5: [ '2.2.3' ],
15 silly audit   jsonwebtoken: [ '9.0.2' ],
15 silly audit   jwa: [ '1.4.1', '2.0.0' ],
15 silly audit   jws: [ '3.2.2', '4.0.0' ],
15 silly audit   'jwks-rsa': [ '3.1.0' ],
15 silly audit   kleur: [ '3.0.3' ],
15 silly audit   leven: [ '3.1.0' ],
15 silly audit   limiter: [ '1.1.5' ],
15 silly audit   'lines-and-columns': [ '1.2.4' ],
15 silly audit   'locate-path': [ '5.0.0' ],
15 silly audit   'lodash.camelcase': [ '4.3.0' ],
15 silly audit   'lodash.clonedeep': [ '4.5.0' ],
15 silly audit   'lodash.includes': [ '4.3.0' ],
15 silly audit   'lodash.isboolean': [ '3.0.3' ],
15 silly audit   'lodash.isinteger': [ '4.0.4' ],
15 silly audit   'lodash.isnumber': [ '3.0.3' ],
15 silly audit   'lodash.isplainobject': [ '4.0.6' ],
15 silly audit   'lodash.isstring': [ '4.0.1' ],
15 silly audit   'lodash.memoize': [ '4.1.2' ],
15 silly audit   'lodash.once': [ '4.1.1' ],
15 silly audit   long: [ '5.2.5' ],
15 silly audit   'lru-cache': [ '5.1.1', '6.0.0' ],
15 silly audit   'lru-memoizer': [ '2.3.0' ],
15 silly audit   yallist: [ '4.0.0', '3.1.1' ],
15 silly audit   'make-dir': [ '4.0.0' ],
15 silly audit   'make-error': [ '1.3.6' ],
15 silly audit   makeerror: [ '1.0.12' ],
15 silly audit   'merge-stream': [ '2.0.0' ],
15 silly audit   micromatch: [ '4.0.8' ],
15 silly audit   mime: [ '3.0.0' ],
15 silly audit   'mime-db': [ '1.52.0' ],
15 silly audit   'mime-types': [ '2.1.35' ],
15 silly audit   'mimic-fn': [ '2.1.0' ],
15 silly audit   minimist: [ '1.2.8' ],
15 silly audit   ms: [ '2.1.3' ],
15 silly audit   'natural-compare': [ '1.4.0' ],
15 silly audit   'node-forge': [ '1.3.1' ],
15 silly audit   'node-int64': [ '0.4.0' ],
15 silly audit   'node-releases': [ '2.0.19' ],
15 silly audit   'normalize-path': [ '3.0.0' ],
15 silly audit   'npm-run-path': [ '4.0.1' ],
15 silly audit   'object-hash': [ '3.0.0' ],
15 silly audit   once: [ '1.4.0' ],
15 silly audit   onetime: [ '5.1.2' ],
15 silly audit   'p-limit': [ '3.1.0', '2.3.0' ],
15 silly audit   'p-locate': [ '4.1.0' ],
15 silly audit   'p-try': [ '2.2.0' ],
15 silly audit   'parse-json': [ '5.2.0' ],
15 silly audit   'path-exists': [ '4.0.0' ],
15 silly audit   'path-is-absolute': [ '1.0.1' ],
15 silly audit   'path-key': [ '3.1.1' ],
15 silly audit   'path-parse': [ '1.0.7' ],
15 silly audit   picocolors: [ '1.1.1' ],
15 silly audit   picomatch: [ '2.3.1' ],
15 silly audit   pirates: [ '4.0.6' ],
15 silly audit   'pkg-dir': [ '4.2.0' ],
15 silly audit   'pretty-format': [ '29.7.0' ],
15 silly audit   prompts: [ '2.4.2' ],
15 silly audit   'proto3-json-serializer': [ '2.0.2' ],
15 silly audit   protobufjs: [ '7.4.0' ],
15 silly audit   'pure-rand': [ '6.1.0' ],
15 silly audit   'react-is': [ '18.3.1' ],
15 silly audit   'readable-stream': [ '3.6.2' ],
15 silly audit   'require-directory': [ '2.1.1' ],
15 silly audit   resolve: [ '1.22.10' ],
15 silly audit   'resolve-cwd': [ '3.0.0' ],
15 silly audit   'resolve-from': [ '5.0.0' ],
15 silly audit   'resolve.exports': [ '2.0.3' ],
15 silly audit   retry: [ '0.13.1' ],
15 silly audit   'retry-request': [ '7.0.2' ],
15 silly audit   'safe-buffer': [ '5.2.1' ],
15 silly audit   'shebang-command': [ '2.0.0' ],
15 silly audit   'shebang-regex': [ '3.0.0' ],
15 silly audit   'signal-exit': [ '3.0.7' ],
15 silly audit   sisteransi: [ '1.0.5' ],
15 silly audit   slash: [ '3.0.0' ],
15 silly audit   'source-map': [ '0.6.1' ],
15 silly audit   'source-map-support': [ '0.5.13' ],
15 silly audit   'sprintf-js': [ '1.0.3' ],
15 silly audit   'stack-utils': [ '2.0.6' ],
15 silly audit   'stream-events': [ '1.0.5' ],
15 silly audit   'stream-shift': [ '1.0.3' ],
15 silly audit   string_decoder: [ '1.3.0' ],
15 silly audit   'string-length': [ '4.0.2' ],
15 silly audit   'string-width': [ '4.2.3' ],
15 silly audit   'strip-ansi': [ '6.0.1' ],
15 silly audit   'strip-bom': [ '4.0.0', '3.0.0' ],
15 silly audit   'strip-final-newline': [ '2.0.0' ],
15 silly audit   'strip-json-comments': [ '3.1.1' ],
15 silly audit   strnum: [ '1.0.5' ],
15 silly audit   stubs: [ '3.0.0' ],
15 silly audit   'supports-preserve-symlinks-flag': [ '1.0.0' ],
15 silly audit   'teeny-request': [ '9.0.0' ],
15 silly audit   'test-exclude': [ '6.0.0' ],
15 silly audit   tmpl: [ '1.0.5' ],
15 silly audit   'to-regex-range': [ '5.0.1' ],
15 silly audit   tr46: [ '0.0.3' ],
15 silly audit   'ts-jest': [ '29.2.5' ],
15 silly audit   'tsconfig-paths': [ '4.2.0' ],
15 silly audit   tslib: [ '2.8.1' ],
15 silly audit   'type-detect': [ '4.0.8' ],
15 silly audit   'type-fest': [ '0.21.3' ],
15 silly audit   typescript: [ '5.7.3' ],
15 silly audit   undici: [ '6.19.7' ],
15 silly audit   'update-browserslist-db': [ '1.1.2' ],
15 silly audit   'util-deprecate': [ '1.0.2' ],
15 silly audit   'v8-to-istanbul': [ '9.3.0' ],
15 silly audit   walker: [ '1.0.8' ],
15 silly audit   'webidl-conversions': [ '3.0.1' ],
15 silly audit   'websocket-driver': [ '0.7.4' ],
15 silly audit   'websocket-extensions': [ '0.1.4' ],
15 silly audit   'whatwg-url': [ '5.0.0' ],
15 silly audit   which: [ '2.0.2' ],
15 silly audit   'wrap-ansi': [ '7.0.0' ],
15 silly audit   wrappy: [ '1.0.2' ],
15 silly audit   'write-file-atomic': [ '4.0.2' ],
15 silly audit   y18n: [ '5.0.8' ],
15 silly audit   yargs: [ '17.7.2' ],
15 silly audit   'yargs-parser': [ '21.1.1' ],
15 silly audit   'yocto-queue': [ '0.1.0' ]
15 silly audit }
16 http fetch POST 200 https://registry.npmjs.org/-/npm/v1/security/advisories/bulk 606ms
17 silly audit report {
17 silly audit report   undici: [
17 silly audit report     {
17 silly audit report       id: 1101609,
17 silly audit report       url: 'https://github.com/advisories/GHSA-c76h-2ccp-4975',
17 silly audit report       title: 'Use of Insufficiently Random Values in undici',
17 silly audit report       severity: 'moderate',
17 silly audit report       vulnerable_versions: '>=6.0.0 <6.21.1',
17 silly audit report       cwe: [Array],
17 silly audit report       cvss: [Object]
17 silly audit report     }
17 silly audit report   ]
17 silly audit report }
18 silly packumentCache corgi:https://registry.npmjs.org/undici cache-miss
19 http fetch GET 200 https://registry.npmjs.org/undici 216ms (cache updated)
20 silly packumentCache corgi:https://registry.npmjs.org/undici set size:undefined disposed:false
21 silly packumentCache corgi:https://registry.npmjs.org/@firebase%2fauth cache-miss
22 silly packumentCache corgi:https://registry.npmjs.org/@firebase%2fauth-compat cache-miss
23 silly packumentCache corgi:https://registry.npmjs.org/@firebase%2ffirestore cache-miss
24 silly packumentCache corgi:https://registry.npmjs.org/@firebase%2ffunctions cache-miss
25 silly packumentCache corgi:https://registry.npmjs.org/@firebase%2fstorage cache-miss
26 http fetch GET 200 https://registry.npmjs.org/@firebase%2fauth-compat 389ms (cache updated)
27 silly packumentCache corgi:https://registry.npmjs.org/@firebase%2fauth-compat set size:undefined disposed:false
28 http fetch GET 200 https://registry.npmjs.org/@firebase%2fauth 554ms (cache updated)
29 silly packumentCache corgi:https://registry.npmjs.org/@firebase%2fauth set size:undefined disposed:false
30 http fetch GET 200 https://registry.npmjs.org/@firebase%2ffirestore 656ms (cache updated)
31 silly packumentCache corgi:https://registry.npmjs.org/@firebase%2ffirestore set size:undefined disposed:false
32 http fetch GET 200 https://registry.npmjs.org/@firebase%2fstorage 801ms (cache updated)
33 silly packumentCache corgi:https://registry.npmjs.org/@firebase%2fstorage set size:undefined disposed:false
34 http fetch GET 200 https://registry.npmjs.org/@firebase%2ffunctions 904ms (cache updated)
35 silly packumentCache corgi:https://registry.npmjs.org/@firebase%2ffunctions set size:undefined disposed:false
36 silly packumentCache corgi:https://registry.npmjs.org/firebase cache-miss
37 http fetch GET 200 https://registry.npmjs.org/firebase 237ms (cache updated)
38 silly packumentCache corgi:https://registry.npmjs.org/firebase set size:undefined disposed:false
39 silly packumentCache corgi:https://registry.npmjs.org/@firebase%2ffirestore-compat cache-miss
40 http fetch GET 200 https://registry.npmjs.org/@firebase%2ffirestore-compat 155ms (cache updated)
41 silly packumentCache corgi:https://registry.npmjs.org/@firebase%2ffirestore-compat set size:undefined disposed:false
42 silly packumentCache corgi:https://registry.npmjs.org/@firebase%2fstorage-compat cache-miss
43 http fetch GET 200 https://registry.npmjs.org/@firebase%2fstorage-compat 155ms (cache updated)
44 silly packumentCache corgi:https://registry.npmjs.org/@firebase%2fstorage-compat set size:undefined disposed:false
45 silly packumentCache corgi:https://registry.npmjs.org/@firebase%2ffunctions-compat cache-miss
46 http fetch GET 200 https://registry.npmjs.org/@firebase%2ffunctions-compat 130ms (cache updated)
47 silly packumentCache corgi:https://registry.npmjs.org/@firebase%2ffunctions-compat set size:undefined disposed:false
48 silly packumentCache corgi:https://registry.npmjs.org/@firebase%2frules-unit-testing cache-miss
49 http fetch GET 200 https://registry.npmjs.org/@firebase%2frules-unit-testing 578ms (cache updated)
50 silly packumentCache corgi:https://registry.npmjs.org/@firebase%2frules-unit-testing set size:undefined disposed:false
51 verbose cwd /home/yun777567/my-firebase-project
52 verbose os Linux 6.1.124+
53 verbose node v22.13.1
54 verbose npm  v11.0.0
55 verbose exit 0
56 info ok
