2025-02-10 06:25:59.930 [info] Extension host with pid 1633 started
2025-02-10 06:25:59.939 [error] Error: EEXIST: file already exists, open '/home/yun777567/.codeoss/data/User/workspaceStorage/34f8d023/vscode.lock'
2025-02-10 06:25:59.948 [info] Lock '/home/yun777567/.codeoss/data/User/workspaceStorage/34f8d023/vscode.lock': Could not acquire lock, checking if the file is stale.
2025-02-10 06:25:59.950 [info] Lock '/home/yun777567/.codeoss/data/User/workspaceStorage/34f8d023/vscode.lock': The pid 2517 appears to be gone.
2025-02-10 06:25:59.950 [info] Lock '/home/yun777567/.codeoss/data/User/workspaceStorage/34f8d023/vscode.lock': Deleting a stale lock.
2025-02-10 06:26:00.008 [info] Lock '/home/yun777567/.codeoss/data/User/workspaceStorage/34f8d023/vscode.lock': Lock acquired.
2025-02-10 06:26:00.062 [info] ExtensionService#_doActivateExtension vscode.emmet, startup: false, activationEvent: 'onLanguage'
2025-02-10 06:26:00.180 [info] ExtensionService#_doActivateExtension vscode.git-base, startup: true, activationEvent: '*', root cause: vscode.git
2025-02-10 06:26:00.189 [info] ExtensionService#_doActivateExtension vscode.npm, startup: true, activationEvent: 'workspaceContains:package.json'
2025-02-10 06:26:00.278 [info] ExtensionService#_doActivateExtension vscode.git, startup: true, activationEvent: '*'
2025-02-10 06:26:00.278 [info] ExtensionService#_doActivateExtension vscode.github, startup: true, activationEvent: '*'
2025-02-10 06:26:00.658 [info] ExtensionService#_doActivateExtension redhat.fabric8-analytics, startup: true, activationEvent: 'workspaceContains:**/package.json,**/pom.xml,**/go.mod,**/requirements.txt,**/build.gradle,**/Dockerfile,**/Containerfile'
2025-02-10 06:26:01.075 [info] Eager extensions activated
2025-02-10 06:26:01.075 [info] ExtensionService#_doActivateExtension EditorConfig.EditorConfig, startup: false, activationEvent: 'onStartupFinished'
2025-02-10 06:26:01.076 [info] ExtensionService#_doActivateExtension google.cloud-shell, startup: false, activationEvent: 'onStartupFinished'
2025-02-10 06:26:01.076 [info] ExtensionService#_doActivateExtension google.geminicodeassist, startup: false, activationEvent: 'onStartupFinished', root cause: googlecloudtools.cloudcode
2025-02-10 06:26:01.076 [info] ExtensionService#_doActivateExtension vscode.debug-auto-launch, startup: false, activationEvent: 'onStartupFinished'
2025-02-10 06:26:01.077 [info] ExtensionService#_doActivateExtension vscode.merge-conflict, startup: false, activationEvent: 'onStartupFinished'
2025-02-10 06:26:02.419 [info] ExtensionService#_doActivateExtension googlecloudtools.cloudcode, startup: false, activationEvent: 'onStartupFinished'
2025-02-10 06:26:04.762 [info] ExtensionService#_doActivateExtension vscode.configuration-editing, startup: false, activationEvent: 'onLanguage:jsonc'
2025-02-10 06:26:04.763 [info] ExtensionService#_doActivateExtension vscode.json-language-features, startup: false, activationEvent: 'onLanguage:jsonc'
2025-02-10 06:26:04.763 [info] ExtensionService#_doActivateExtension vscode.typescript-language-features, startup: false, activationEvent: 'onLanguage:jsonc'
2025-02-10 06:26:10.508 [info] ExtensionService#_doActivateExtension vscode.extension-editing, startup: false, activationEvent: 'onLanguage:json'
