Initializing document watcher...
Document watcher initialized
my-firebase-project/src/tests/testRegister.ts: {}
my-firebase-project/src/tests/testRegister.ts: {}
my-firebase-project/src/tests/testRegister.ts: {}
my-firebase-project/.env: {}
my-firebase-project/src/types/database.ts: {}
my-firebase-project/src/tests/testRegister.ts: {}
my-firebase-project/src/tests/testLogin.ts: {}
my-firebase-project/src/lib/firebase/db.ts: {}
my-firebase-project/src/lib/firebase/firebase.ts: {}
my-firebase-project/src/lib/firebase/firebase.ts: {}
my-firebase-project/src/lib/firebase/firebase.ts: {}
my-firebase-project/src/tests/testLogin.ts: {}
my-firebase-project/src/tests/testLogin.ts: {}
my-firebase-project/src/tests/testLogin.ts: {}
my-firebase-project/src/tests/testRegister.ts: {}
my-firebase-project/src/tests/testRegister.ts: {}
my-firebase-project/src/tests/testRegister.ts: {}
my-firebase-project/src/tests/testRegister.ts: {}
my-firebase-project/src/tests/testRegister.ts: {}
my-firebase-project/src/tests/testRegister.ts: {}
my-firebase-project/src/tests/testLogin.ts: {}
my-firebase-project/src/tests/testLogin.ts: {}
my-firebase-project/src/tests/testLogin.ts: {}
my-firebase-project/src/tests/testLogin.ts: {}
my-firebase-project/src/tests/testLogin.ts: Using EditorConfig core...
my-firebase-project/src/tests/testLogin.ts: Using EditorConfig core...
my-firebase-project/src/tests/testLogin.ts: Using EditorConfig core...
my-firebase-project/src/tests/testLogin.ts: Using EditorConfig core...
my-firebase-project/src/tests/testLogin.ts: {}
my-firebase-project/src/tests/testLogin.ts: Using EditorConfig core...
my-firebase-project/src/tests/testLogin.ts: Using EditorConfig core...
my-firebase-project/src/tests/testLogin.ts: {}
my-firebase-project/src/tests/testRegister.ts: {}
my-firebase-project/src/tests/testRegister.ts: {}
my-firebase-project/src/tests/testRegister.ts: Using EditorConfig core...
my-firebase-project/src/tests/testRegister.ts: Using EditorConfig core...
my-firebase-project/src/tests/testRegister.ts: {}
my-firebase-project/src/tests/testRegister.ts: Using EditorConfig core...
my-firebase-project/src/tests/testRegister.ts: Using EditorConfig core...
my-firebase-project/src/tests/testRegister.ts: {}
my-firebase-project/src/tests/testRegister.ts: {}
my-firebase-project/src/lib/firebase/db.ts: {}
my-firebase-project/src/lib/firebase/db.ts: {}
my-firebase-project/src/lib/firebase/db.ts: {}
my-firebase-project/src/lib/firebase/db.ts: {}
my-firebase-project/src/lib/firebase/db.ts: {}
my-firebase-project/src/lib/firebase/db.ts: {}
my-firebase-project/src/lib/firebase/db.ts: {}
my-firebase-project/src/lib/firebase/db.ts: {}
my-firebase-project/src/lib/firebase/db.ts: {}
my-firebase-project/src/lib/firebase/db.ts: {}
my-firebase-project/src/lib/firebase/db.ts: {}
my-firebase-project/src/lib/firebase/db.ts: {}
my-firebase-project/src/lib/firebase/db.ts: {}
my-firebase-project/src/tests/testLogin.ts: {}
my-firebase-project/src/tests/testLogin.ts: {}
my-firebase-project/src/tests/testLogin.ts: {}
my-firebase-project/src/tests/testLogin.ts: {}
my-firebase-project/src/tests/testLogin.ts: {}
my-firebase-project/src/tests/testLogin.ts: {}
my-firebase-project/src/tests/testLogin.ts: Using EditorConfig core...
my-firebase-project/src/tests/testLogin.ts: {}
my-firebase-project/src/tests/testLogin.ts: Using EditorConfig core...
my-firebase-project/src/tests/testLogin.ts: {}
my-firebase-project/src/tests/testLogin.ts: {}
my-firebase-project/src/tests/testLogin.ts: {}
my-firebase-project/src/tests/testLogin.ts: {}
my-firebase-project/src/tests/testLogin.ts: {}
my-firebase-project/src/tests/testLogin.ts: Using EditorConfig core...
my-firebase-project/src/tests/testLogin.ts: Using EditorConfig core...
my-firebase-project/src/tests/testLogin.ts: {}
my-firebase-project/src/tests/testLogin.ts: Using EditorConfig core...
my-firebase-project/src/tests/testLogin.ts: {}
my-firebase-project/src/tests/testLogin.ts: {}
my-firebase-project/src/lib/firebase/db.ts: {}
my-firebase-project/src/lib/firebase/db.ts: {}
my-firebase-project/src/lib/firebase/db.ts: Using EditorConfig core...
my-firebase-project/src/lib/firebase/db.ts: Using EditorConfig core...
my-firebase-project/src/tests/testLogin.ts: {}
my-firebase-project/src/tests/testLogin.ts: {}
my-firebase-project/src/tests/testLogin.ts: {}
my-firebase-project/src/tests/testLogin.ts: {}
my-firebase-project/src/tests/testLogin.ts: {}
my-firebase-project/src/tests/testLogin.ts: {}
my-firebase-project/src/tests/testLogin.ts: Using EditorConfig core...
my-firebase-project/src/tests/testLogin.ts: {}
my-firebase-project/src/tests/testLogin.ts: {}
my-firebase-project/tsconfig.json: {}
my-firebase-project/tsconfig.json: {}
my-firebase-project/tsconfig.json: {}
my-firebase-project/tsconfig.json: {}
my-firebase-project/tsconfig.json: {}
my-firebase-project/package.json: {}
my-firebase-project/package.json: {}
my-firebase-project/package.json: {}
my-firebase-project/firestore.rules: {}
my-firebase-project/firestore.rules: {}
my-firebase-project/firestore.rules: {}
my-firebase-project/firestore.rules: {}
my-firebase-project/firestore.rules: {}
my-firebase-project/firestore.rules: {}
my-firebase-project/firestore.rules: {}
my-firebase-project/jest.config.js: {}
my-firebase-project/jest.config.js: {}
my-firebase-project/jest.config.js: Using EditorConfig core...
my-firebase-project/jest.config.js: {}
my-firebase-project/jest.config.js: Using EditorConfig core...
my-firebase-project/jest.config.js: Using EditorConfig core...
my-firebase-project/jest.config.js: {}
my-firebase-project/tsconfig.json: {}
my-firebase-project/tsconfig.json: {}
my-firebase-project/tsconfig.json: {}
my-firebase-project/tsconfig.json: {}
my-firebase-project/tsconfig.json: {}
my-firebase-project/tsconfig.json: {}
my-firebase-project/tsconfig.json: {}
my-firebase-project/tsconfig.json: {}
my-firebase-project/tsconfig.json: {}
my-firebase-project/tsconfig.json: {}
my-firebase-project/tsconfig.json: {}
my-firebase-project/tsconfig.json: {}
