2025-02-10 10:08:41.895 [info] Extension host with pid 1566 started
2025-02-10 10:08:41.905 [error] Error: EEXIST: file already exists, open '/home/yun777567/.codeoss/data/User/workspaceStorage/34f8d023/vscode.lock'
2025-02-10 10:08:41.916 [info] Lock '/home/yun777567/.codeoss/data/User/workspaceStorage/34f8d023/vscode.lock': Could not acquire lock, checking if the file is stale.
2025-02-10 10:08:41.918 [info] Lock '/home/yun777567/.codeoss/data/User/workspaceStorage/34f8d023/vscode.lock': The lock looks stale, waiting for 2s.
2025-02-10 10:08:42.070 [info] ExtensionService#_doActivateExtension vscode.emmet, startup: false, activationEvent: 'onLanguage'
2025-02-10 10:08:43.072 [info] ExtensionService#_doActivateExtension vscode.git-base, startup: true, activationEvent: '*', root cause: vscode.git
2025-02-10 10:08:43.081 [info] ExtensionService#_doActivateExtension vscode.npm, startup: true, activationEvent: 'workspaceContains:package.json'
2025-02-10 10:08:43.373 [info] ExtensionService#_doActivateExtension redhat.fabric8-analytics, startup: true, activationEvent: 'workspaceContains:**/package.json,**/pom.xml,**/go.mod,**/requirements.txt,**/build.gradle,**/Dockerfile,**/Containerfile'
2025-02-10 10:08:43.919 [info] Lock '/home/yun777567/.codeoss/data/User/workspaceStorage/34f8d023/vscode.lock': The lock looks stale even after waiting for 2s.
2025-02-10 10:08:43.919 [info] Lock '/home/yun777567/.codeoss/data/User/workspaceStorage/34f8d023/vscode.lock': Deleting a stale lock.
2025-02-10 10:08:43.925 [info] Lock '/home/yun777567/.codeoss/data/User/workspaceStorage/34f8d023/vscode.lock': Lock acquired.
2025-02-10 10:08:44.077 [info] ExtensionService#_doActivateExtension vscode.git, startup: true, activationEvent: '*'
2025-02-10 10:08:44.077 [info] ExtensionService#_doActivateExtension vscode.github, startup: true, activationEvent: '*'
2025-02-10 10:08:44.366 [info] Eager extensions activated
2025-02-10 10:08:44.367 [info] ExtensionService#_doActivateExtension EditorConfig.EditorConfig, startup: false, activationEvent: 'onStartupFinished'
2025-02-10 10:08:44.367 [info] ExtensionService#_doActivateExtension google.cloud-shell, startup: false, activationEvent: 'onStartupFinished'
2025-02-10 10:08:44.367 [info] ExtensionService#_doActivateExtension google.geminicodeassist, startup: false, activationEvent: 'onStartupFinished', root cause: googlecloudtools.cloudcode
2025-02-10 10:08:44.368 [info] ExtensionService#_doActivateExtension vscode.debug-auto-launch, startup: false, activationEvent: 'onStartupFinished'
2025-02-10 10:08:44.368 [info] ExtensionService#_doActivateExtension vscode.merge-conflict, startup: false, activationEvent: 'onStartupFinished'
2025-02-10 10:08:45.843 [info] ExtensionService#_doActivateExtension googlecloudtools.cloudcode, startup: false, activationEvent: 'onStartupFinished'
2025-02-10 10:08:48.107 [info] ExtensionService#_doActivateExtension vscode.configuration-editing, startup: false, activationEvent: 'onLanguage:jsonc'
2025-02-10 10:08:48.107 [info] ExtensionService#_doActivateExtension vscode.json-language-features, startup: false, activationEvent: 'onLanguage:jsonc'
2025-02-10 10:08:48.107 [info] ExtensionService#_doActivateExtension vscode.typescript-language-features, startup: false, activationEvent: 'onLanguage:jsonc'
2025-02-10 10:08:54.174 [info] ExtensionService#_doActivateExtension vscode.extension-editing, startup: false, activationEvent: 'onLanguage:json'
