Initializing document watcher...
Document watcher initialized
my-firebase-project/firestore.rules: {}
my-firebase-project/firestore.rules: {}
my-firebase-project/firestore.rules: {}
my-firebase-project/firestore.rules: {}
my-firebase-project/src/tests/testLogin.ts: {}
my-firebase-project/src/tests/testLogin.ts: {}
my-firebase-project/src/tests/testLogin.ts: {}
my-firebase-project/src/tests/testRegister.ts: {}
my-firebase-project/src/tests/testRegister.ts: {}
my-firebase-project/src/tests/testRegister.ts: {}
my-firebase-project/src/tests/testRegister.ts: {}
my-firebase-project/src/tests/testRegister.ts: {}
my-firebase-project/src/tests/testRegister.ts: {}
my-firebase-project/src/tests/testRegister.ts: {}
my-firebase-project/src/lib/firebase/auth.ts: {}
my-firebase-project/src/lib/firebase/auth.ts: {}
my-firebase-project/src/lib/firebase/auth.ts: {}
my-firebase-project/src/lib/firebase/auth.ts: {}
my-firebase-project/src/lib/firebase/config.ts: {}
my-firebase-project/src/lib/firebase/config.ts: {}
my-firebase-project/src/lib/firebase/config.ts: {}
my-firebase-project/src/lib/firebase/config.ts: {}
my-firebase-project/src/lib/firebase/db.ts: {}
my-firebase-project/src/lib/firebase/db.ts: {}
my-firebase-project/src/lib/firebase/db.ts: {}
my-firebase-project/src/lib/firebase/firebase.ts: {}
my-firebase-project/src/lib/firebase/firebase.ts: {}
my-firebase-project/src/lib/firebase/firebase.ts: {}
my-firebase-project/src/lib/firebase/firebase.ts: {}
my-firebase-project/src/tests/testLogin.ts: {}
my-firebase-project/src/tests/testLogin.ts: {}
my-firebase-project/src/tests/testRegister.ts: {}
my-firebase-project/src/tests/testRegister.ts: {}
my-firebase-project/src/tests/testRegister.ts: {}
my-firebase-project/src/tests/testUpdateProfile.ts: {}
my-firebase-project/src/tests/testUpdateProfile.ts: {}
my-firebase-project/src/tests/testUpdateProfile.ts: {}
my-firebase-project/.env: {}
my-firebase-project/.env: {}
my-firebase-project/.env: {}
my-firebase-project/.firebaserc: {}
my-firebase-project/.firestore.rules.swp: {}
my-firebase-project/.env: {}
my-firebase-project/.env: {}
my-firebase-project/.firebaserc: {}
my-firebase-project/.gitignore: {}
my-firebase-project/.firebaserc: {}
my-firebase-project/.firebaserc: {}
my-firebase-project/.firebaserc: {}
my-firebase-project/.gitignore: {}
my-firebase-project/.gitignore: {}
my-firebase-project/.gitignore: {}
my-firebase-project/firebase.json: {}
my-firebase-project/firebase.json: {}
my-firebase-project/firebase.json: {}
my-firebase-project/firestore.indexes.json: {}
my-firebase-project/firestore.indexes.json: {}
my-firebase-project/firestore.indexes.json: {}
my-firebase-project/firestore.rules: {}
my-firebase-project/firestore.rules: {}
my-firebase-project/firestore.rules: {}
my-firebase-project/jest.config.js: {}
my-firebase-project/jest.config.js: {}
my-firebase-project/jest.config.js: {}
my-firebase-project/package-lock.json: {}
my-firebase-project/package.json: {}
my-firebase-project/package.json: {}
my-firebase-project/package.json: {}
my-firebase-project/tsconfig.json: {}
my-firebase-project/tsconfig.json: {}
my-firebase-project/tsconfig.json: {}
my-firebase-project/tsconfig.json: {}
my-firebase-project/tsconfig.json: {}
my-firebase-project/tsconfig.json: {}
my-firebase-project/tsconfig.json: {}
my-firebase-project/tsconfig.json: {}
my-firebase-project/firestore.rules: {}
my-firebase-project/firestore.rules: Using EditorConfig core...
my-firebase-project/firestore.rules: {}
my-firebase-project/firestore.rules: {}
my-firebase-project/src/lib/firebase/auth.ts: {}
my-firebase-project/src/lib/firebase/auth.ts: {}
my-firebase-project/src/lib/firebase/auth.ts: {}
my-firebase-project/src/lib/firebase/auth.ts: {}
my-firebase-project/src/lib/firebase/config.ts: {}
my-firebase-project/src/lib/firebase/config.ts: {}
my-firebase-project/src/lib/firebase/config.ts: {}
my-firebase-project/tsconfig.json: {}
my-firebase-project/tsconfig.json: {}
my-firebase-project/tsconfig.json: {}
my-firebase-project/tsconfig.json: {}
my-firebase-project/package.json: {}
my-firebase-project/package.json: {}
my-firebase-project/package.json: {}
my-firebase-project/jest.config.js: {}
my-firebase-project/firestore.rules: {}
my-firebase-project/firestore.indexes.json: {}
my-firebase-project/firestore.indexes.json: {}
my-firebase-project/firestore.indexes.json: {}
my-firebase-project/firestore-debug.log: {}
my-firebase-project/firestore-debug.log: {}
my-firebase-project/.firebaserc: {}
my-firebase-project/.gitignore: {}
my-firebase-project/firebase.json: {}
my-firebase-project/firebase.json: {}
my-firebase-project/firebase.json: {}
my-firebase-project/firebase.json: {}
my-firebase-project/firebase.json: {}
my-firebase-project/firebase.json: {}
my-firebase-project/firebase.json: {}
my-firebase-project/firebase.json: Using EditorConfig core...
my-firebase-project/firebase.json: {}
my-firebase-project/src/lib/firebase/auth.ts: {}
my-firebase-project/src/lib/firebase/auth.ts: {}
my-firebase-project/src/lib/firebase/auth.ts: {}
my-firebase-project/src/lib/firebase/config.ts: {}
my-firebase-project/src/lib/firebase/config.ts: {}
my-firebase-project/src/lib/firebase/config.ts: {}
my-firebase-project/src/lib/firebase/db.ts: {}
my-firebase-project/src/lib/firebase/db.ts: {}
my-firebase-project/src/lib/firebase/db.ts: {}
my-firebase-project/src/lib/firebase/firebase.ts: {}
my-firebase-project/src/lib/firebase/firebase.ts: {}
my-firebase-project/src/lib/firebase/firebase.ts: {}
my-firebase-project/src/tests/testLogin.ts: {}
my-firebase-project/src/tests/testLogin.ts: {}
my-firebase-project/src/tests/testLogin.ts: {}
my-firebase-project/src/tests/testLogin.ts: {}
my-firebase-project/src/tests/testRegister.ts: {}
my-firebase-project/src/tests/testRegister.ts: {}
my-firebase-project/src/tests/testRegister.ts: {}
my-firebase-project/src/tests/testUpdateProfile.ts: {}
my-firebase-project/src/tests/testUpdateProfile.ts: {}
my-firebase-project/src/tests/testUpdateProfile.ts: {}
my-firebase-project/.env: {}
my-firebase-project/.env: {}
my-firebase-project/.env: {}
my-firebase-project/.firebaserc: {}
my-firebase-project/.firebaserc: {}
my-firebase-project/.firebaserc: {}
my-firebase-project/.gitignore: {}
my-firebase-project/.gitignore: {}
my-firebase-project/.gitignore: {}
my-firebase-project/firebase.json: {}
my-firebase-project/firebase.json: {}
my-firebase-project/firebase.json: {}
my-firebase-project/firestore-debug.log: {}
my-firebase-project/firestore-debug.log: {}
my-firebase-project/firestore-debug.log: {}
my-firebase-project/firestore.indexes.json: {}
my-firebase-project/firestore.indexes.json: {}
my-firebase-project/firestore.indexes.json: {}
my-firebase-project/firestore.rules: {}
my-firebase-project/firestore.rules: {}
my-firebase-project/firestore.rules: {}
my-firebase-project/jest.config.js: {}
my-firebase-project/jest.config.js: {}
my-firebase-project/jest.config.js: {}
my-firebase-project/package-lock.json: {}
my-firebase-project/package-lock.json: {}
my-firebase-project/package-lock.json: {}
my-firebase-project/package-lock.json: Using EditorConfig core...
my-firebase-project/package.json: {}
my-firebase-project/package.json: {}
my-firebase-project/package.json: {}
my-firebase-project/package.json: {}
my-firebase-project/tsconfig.json: {}
my-firebase-project/tsconfig.json: {}
my-firebase-project/tsconfig.json: {}
my-firebase-project/firestore.rules: {}
my-firebase-project/firestore.rules: {}
my-firebase-project/firestore.rules: {}
my-firebase-project/firestore.rules: {}
my-firebase-project/package.json: {}
my-firebase-project/package.json: {}
my-firebase-project/package.json: {}
my-firebase-project/package.json: {}
my-firebase-project/package.json: Using EditorConfig core...
my-firebase-project/package.json: {}
my-firebase-project/package.json: {}
my-firebase-project/package.json: {}
my-firebase-project/src/tests/rules.test.tsx: {}
my-firebase-project/src/tests/rules.test.tsx: {}
my-firebase-project/src/tests/rules.test.ts: {}
my-firebase-project/src/tests/rules.test.ts: {}
my-firebase-project/src/tests/rules.test.ts: Using EditorConfig core...
my-firebase-project/src/tests/rules.test.ts: Using EditorConfig core...
my-firebase-project/src/tests/rules.test.ts: {}
my-firebase-project/src/tests/rules.test.ts: Using EditorConfig core...
my-firebase-project/src/tests/rules.test.ts: Using EditorConfig core...
my-firebase-project/src/tests/rules.test.ts: Using EditorConfig core...
my-firebase-project/src/tests/rules.test.ts: Using EditorConfig core...
my-firebase-project/src/tests/rules.test.ts: Using EditorConfig core...
my-firebase-project/src/tests/rules.test.ts: Using EditorConfig core...
my-firebase-project/src/tests/rules.test.ts: Using EditorConfig core...
my-firebase-project/src/tests/rules.test.ts: Using EditorConfig core...
my-firebase-project/src/tests/rules.test.ts: {}
my-firebase-project/src/tests/rules.test.ts: Using EditorConfig core...
my-firebase-project/src/tests/rules.test.ts: {}
my-firebase-project/src/tests/rules.test.ts: {}
my-firebase-project/package.json: {}
my-firebase-project/package.json: Using EditorConfig core...
my-firebase-project/package.json: Using EditorConfig core...
my-firebase-project/package.json: {}
my-firebase-project/package.json: Using EditorConfig core...
my-firebase-project/package.json: {}
my-firebase-project/package.json: {}
my-firebase-project/src/lib/firebase/auth.ts: {}
my-firebase-project/src/tests/rules.test.ts: {}
my-firebase-project/src/lib/firebase/config.ts: {}
my-firebase-project/src/lib/firebase/auth.ts: {}
my-firebase-project/src/lib/firebase/auth.ts: {}
my-firebase-project/src/lib/firebase/auth.ts: {}
my-firebase-project/src/lib/firebase/auth.ts: {}
my-firebase-project/src/lib/firebase/auth.ts: {}
my-firebase-project/firebase.json: {}
my-firebase-project/firebase.json: {}
my-firebase-project/firebase.json: {}
my-firebase-project/firebase.json: {}
my-firebase-project/firebase.json: {}
my-firebase-project/firebase.json: {}
my-firebase-project/firebase.json: {}
my-firebase-project/firebase.json: {}
my-firebase-project/src/tests/rules.test.ts: {}
my-firebase-project/src/tests/rules.test.ts: {}
my-firebase-project/src/tests/rules.test.ts: {}
my-firebase-project/src/tests/rules.test.ts: {}
my-firebase-project/src/tests/rules.test.ts: {}
my-firebase-project/src/tests/rules.test.ts: {}
my-firebase-project/src/tests/rules.test.ts: {}
my-firebase-project/src/tests/rules.test.ts: Using EditorConfig core...
my-firebase-project/src/tests/rules.test.ts: Using EditorConfig core...
my-firebase-project/src/tests/rules.test.ts: {}
my-firebase-project/firestore.rules: {}
my-firebase-project/firebase-debug.log: {}
my-firebase-project/firestore.rules: {}
my-firebase-project/firestore.rules: {}
my-firebase-project/firestore.rules: Using EditorConfig core...
my-firebase-project/firestore.rules: Using EditorConfig core...
my-firebase-project/firestore.rules: Using EditorConfig core...
my-firebase-project/firestore.rules: Using EditorConfig core...
my-firebase-project/firestore.rules: {}
my-firebase-project/firestore.rules: {}
my-firebase-project/src/tests/rules.test.ts: {}
my-firebase-project/src/tests/rules.test.ts: Using EditorConfig core...
my-firebase-project/src/tests/rules.test.ts: {}
my-firebase-project/src/tests/rules.test.ts: {}
my-firebase-project/src/tests/rules.test.ts: Using EditorConfig core...
my-firebase-project/src/tests/rules.test.ts: Using EditorConfig core...
my-firebase-project/firebase-debug.log: {}
my-firebase-project/firestore.rules: {}
my-firebase-project/firestore.rules: Using EditorConfig core...
my-firebase-project/firestore.rules: {}
my-firebase-project/firestore.rules: {}
my-firebase-project/firestore.rules: {}
my-firebase-project/src/tests/rules.test.ts: {}
my-firebase-project/src/tests/rules.test.ts: {}
my-firebase-project/src/tests/rules.test.ts: {}
my-firebase-project/firestore.rules: {}
my-firebase-project/firestore.rules: {}
my-firebase-project/firestore.rules: {}
my-firebase-project/firestore.rules: {}
my-firebase-project/firestore.rules: Using EditorConfig core...
my-firebase-project/firestore.rules: Using EditorConfig core...
my-firebase-project/firestore.rules: {}
my-firebase-project/src/tests/rules.test.ts: {}
my-firebase-project/src/tests/rules.test.ts: {}
my-firebase-project/src/tests/rules.test.ts: {}
my-firebase-project/src/tests/rules.test.ts: {}
my-firebase-project/firebase.json: {}
my-firebase-project/firebase.json: {}
my-firebase-project/firebase.json: {}
my-firebase-project/firestore.rules: {}
my-firebase-project/firestore.rules: Using EditorConfig core...
my-firebase-project/firestore.rules: {}
my-firebase-project/src/tests/rules.test.ts: {}
my-firebase-project/src/tests/rules.test.ts: Using EditorConfig core...
my-firebase-project/src/tests/rules.test.ts: Using EditorConfig core...
my-firebase-project/src/tests/rules.test.ts: {}
my-firebase-project/src/tests/rules.test.ts: {}
my-firebase-project/src/tests/rules.test.ts: Using EditorConfig core...
my-firebase-project/src/tests/rules.test.ts: {}
my-firebase-project/src/tests/rules.test.ts: Using EditorConfig core...
my-firebase-project/src/tests/rules.test.ts: {}
my-firebase-project/src/tests/rules.test.ts: Using EditorConfig core...
my-firebase-project/src/tests/rules.test.ts: {}
my-firebase-project/src/tests/rules.test.ts: Using EditorConfig core...
my-firebase-project/firestore.rules: {}
my-firebase-project/firestore.rules: {}
my-firebase-project/firestore.rules: {}
my-firebase-project/firestore.rules: Using EditorConfig core...
my-firebase-project/src/tests/rules.test.ts: {}
my-firebase-project/src/tests/rules.test.ts: {}
my-firebase-project/src/tests/rules.test.ts: Using EditorConfig core...
my-firebase-project/src/tests/rules.test.ts: {}
my-firebase-project/src/tests/rules.test.ts: {}
my-firebase-project/src/tests/rules.test.ts: {}
my-firebase-project/src/tests/rules.test.ts: {}
my-firebase-project/src/tests/rules.test.ts: {}
my-firebase-project/src/tests/rules.test.ts: {}
my-firebase-project/src/tests/rules.test.ts: Using EditorConfig core...
my-firebase-project/src/tests/rules.test.ts: Using EditorConfig core...
my-firebase-project/firestore.rules: {}
my-firebase-project/firestore.rules: {}
