[Error - 8:27:38 AM] Failed to load entities from /home/yun777567/my-firebase-project/node_modules/istanbul-reports/package.json: Error: ENOENT: no such file or directory, open '/home/yun777567/my-firebase-project/node_modules/istanbul-reports/package.json'
[Error - 8:27:38 AM] Failed to load entities from /home/yun777567/my-firebase-project/node_modules/jest-diff/package.json: Error: ENOENT: no such file or directory, open '/home/yun777567/my-firebase-project/node_modules/jest-diff/package.json'
[Error - 8:27:38 AM] Failed to load entities from /home/yun777567/my-firebase-project/node_modules/@babel/types/package.json: Error: ENOENT: no such file or directory, open '/home/yun777567/my-firebase-project/node_modules/@babel/types/package.json'
[Error - 8:27:38 AM] Failed to load entities from /home/yun777567/my-firebase-project/node_modules/@babel/generator/package.json: Error: ENOENT: no such file or directory, open '/home/yun777567/my-firebase-project/node_modules/@babel/generator/package.json'
[Error - 8:27:38 AM] Failed to load entities from /home/yun777567/my-firebase-project/node_modules/@babel/template/package.json: Error: ENOENT: no such file or directory, open '/home/yun777567/my-firebase-project/node_modules/@babel/template/package.json'
[Error - 8:27:38 AM] Failed to load entities from /home/yun777567/my-firebase-project/node_modules/@babel/core/package.json: Error: ENOENT: no such file or directory, open '/home/yun777567/my-firebase-project/node_modules/@babel/core/package.json'
[Error - 8:27:38 AM] Failed to load entities from /home/yun777567/my-firebase-project/node_modules/@babel/traverse/package.json: Error: ENOENT: no such file or directory, open '/home/yun777567/my-firebase-project/node_modules/@babel/traverse/package.json'
[Error - 8:27:38 AM] Failed to load entities from /home/yun777567/my-firebase-project/node_modules/@babel/parser/package.json: Error: ENOENT: no such file or directory, open '/home/yun777567/my-firebase-project/node_modules/@babel/parser/package.json'
[Error - 8:27:38 AM] Failed to load entities from /home/yun777567/my-firebase-project/node_modules/firebase/messaging/package.json: Error: ENOENT: no such file or directory, open '/home/yun777567/my-firebase-project/node_modules/firebase/messaging/package.json'
[Error - 8:27:38 AM] Failed to load entities from /home/yun777567/my-firebase-project/node_modules/firebase/messaging/sw/package.json: Error: ENOENT: no such file or directory, open '/home/yun777567/my-firebase-project/node_modules/firebase/messaging/sw/package.json'
[Error - 8:27:38 AM] Failed to load entities from /home/yun777567/my-firebase-project/node_modules/firebase/remote-config/package.json: Error: ENOENT: no such file or directory, open '/home/yun777567/my-firebase-project/node_modules/firebase/remote-config/package.json'
[Error - 8:27:38 AM] Failed to load entities from /home/yun777567/my-firebase-project/node_modules/firebase/data-connect/package.json: Error: ENOENT: no such file or directory, open '/home/yun777567/my-firebase-project/node_modules/firebase/data-connect/package.json'
[Error - 8:27:38 AM] Failed to load entities from /home/yun777567/my-firebase-project/node_modules/firebase/storage/package.json: Error: ENOENT: no such file or directory, open '/home/yun777567/my-firebase-project/node_modules/firebase/storage/package.json'
[Error - 8:27:38 AM] Failed to load entities from /home/yun777567/my-firebase-project/node_modules/firebase/app-check/package.json: Error: ENOENT: no such file or directory, open '/home/yun777567/my-firebase-project/node_modules/firebase/app-check/package.json'
[Error - 8:27:38 AM] Failed to load entities from /home/yun777567/my-firebase-project/node_modules/firebase/performance/package.json: Error: ENOENT: no such file or directory, open '/home/yun777567/my-firebase-project/node_modules/firebase/performance/package.json'
[Error - 8:27:38 AM] Failed to load entities from /home/yun777567/my-firebase-project/node_modules/firebase/vertexai/package.json: Error: ENOENT: no such file or directory, open '/home/yun777567/my-firebase-project/node_modules/firebase/vertexai/package.json'
[Error - 8:27:38 AM] Failed to load entities from /home/yun777567/my-firebase-project/node_modules/firebase/auth/package.json: Error: ENOENT: no such file or directory, open '/home/yun777567/my-firebase-project/node_modules/firebase/auth/package.json'
[Error - 8:27:38 AM] Failed to load entities from /home/yun777567/my-firebase-project/node_modules/firebase/auth/cordova/package.json: Error: ENOENT: no such file or directory, open '/home/yun777567/my-firebase-project/node_modules/firebase/auth/cordova/package.json'
[Error - 8:27:38 AM] Failed to load entities from /home/yun777567/my-firebase-project/node_modules/firebase/auth/web-extension/package.json: Error: ENOENT: no such file or directory, open '/home/yun777567/my-firebase-project/node_modules/firebase/auth/web-extension/package.json'
[Error - 8:27:38 AM] Failed to load entities from /home/yun777567/my-firebase-project/node_modules/firebase/firestore/lite/package.json: Error: ENOENT: no such file or directory, open '/home/yun777567/my-firebase-project/node_modules/firebase/firestore/lite/package.json'
[Error - 8:27:38 AM] Failed to load entities from /home/yun777567/my-firebase-project/node_modules/firebase/firestore/package.json: Error: ENOENT: no such file or directory, open '/home/yun777567/my-firebase-project/node_modules/firebase/firestore/package.json'
[Error - 8:27:38 AM] Failed to load entities from /home/yun777567/my-firebase-project/node_modules/firebase/database/package.json: Error: ENOENT: no such file or directory, open '/home/yun777567/my-firebase-project/node_modules/firebase/database/package.json'
[Error - 8:27:38 AM] Failed to load entities from /home/yun777567/my-firebase-project/node_modules/firebase/app/package.json: Error: ENOENT: no such file or directory, open '/home/yun777567/my-firebase-project/node_modules/firebase/app/package.json'
[Error - 8:27:38 AM] Failed to load entities from /home/yun777567/my-firebase-project/node_modules/firebase/installations/package.json: Error: ENOENT: no such file or directory, open '/home/yun777567/my-firebase-project/node_modules/firebase/installations/package.json'
[Error - 8:27:38 AM] Failed to load entities from /home/yun777567/my-firebase-project/node_modules/firebase/compat/messaging/package.json: Error: ENOENT: no such file or directory, open '/home/yun777567/my-firebase-project/node_modules/firebase/compat/messaging/package.json'
[Error - 8:27:38 AM] Failed to load entities from /home/yun777567/my-firebase-project/node_modules/firebase/compat/package.json: Error: ENOENT: no such file or directory, open '/home/yun777567/my-firebase-project/node_modules/firebase/compat/package.json'
[Error - 8:27:38 AM] Failed to load entities from /home/yun777567/my-firebase-project/node_modules/firebase/compat/remote-config/package.json: Error: ENOENT: no such file or directory, open '/home/yun777567/my-firebase-project/node_modules/firebase/compat/remote-config/package.json'
[Error - 8:27:38 AM] Failed to load entities from /home/yun777567/my-firebase-project/node_modules/firebase/compat/storage/package.json: Error: ENOENT: no such file or directory, open '/home/yun777567/my-firebase-project/node_modules/firebase/compat/storage/package.json'
[Error - 8:27:38 AM] Failed to load entities from /home/yun777567/my-firebase-project/node_modules/firebase/compat/app-check/package.json: Error: ENOENT: no such file or directory, open '/home/yun777567/my-firebase-project/node_modules/firebase/compat/app-check/package.json'
[Error - 8:27:38 AM] Failed to load entities from /home/yun777567/my-firebase-project/node_modules/firebase/compat/performance/package.json: Error: ENOENT: no such file or directory, open '/home/yun777567/my-firebase-project/node_modules/firebase/compat/performance/package.json'
[Error - 8:27:38 AM] Failed to load entities from /home/yun777567/my-firebase-project/node_modules/firebase/compat/auth/package.json: Error: ENOENT: no such file or directory, open '/home/yun777567/my-firebase-project/node_modules/firebase/compat/auth/package.json'
[Error - 8:27:38 AM] Failed to load entities from /home/yun777567/my-firebase-project/node_modules/firebase/compat/firestore/package.json: Error: ENOENT: no such file or directory, open '/home/yun777567/my-firebase-project/node_modules/firebase/compat/firestore/package.json'
[Error - 8:27:38 AM] Failed to load entities from /home/yun777567/my-firebase-project/node_modules/firebase/compat/database/package.json: Error: ENOENT: no such file or directory, open '/home/yun777567/my-firebase-project/node_modules/firebase/compat/database/package.json'
[Error - 8:27:38 AM] Failed to load entities from /home/yun777567/my-firebase-project/node_modules/firebase/compat/installations/package.json: Error: ENOENT: no such file or directory, open '/home/yun777567/my-firebase-project/node_modules/firebase/compat/installations/package.json'
[Error - 8:27:38 AM] Failed to load entities from /home/yun777567/my-firebase-project/node_modules/firebase/compat/analytics/package.json: Error: ENOENT: no such file or directory, open '/home/yun777567/my-firebase-project/node_modules/firebase/compat/analytics/package.json'
[Error - 8:27:38 AM] Failed to load entities from /home/yun777567/my-firebase-project/node_modules/firebase/compat/functions/package.json: Error: ENOENT: no such file or directory, open '/home/yun777567/my-firebase-project/node_modules/firebase/compat/functions/package.json'
[Error - 8:27:38 AM] Failed to load entities from /home/yun777567/my-firebase-project/node_modules/firebase/analytics/package.json: Error: ENOENT: no such file or directory, open '/home/yun777567/my-firebase-project/node_modules/firebase/analytics/package.json'
[Error - 8:27:38 AM] Failed to load entities from /home/yun777567/my-firebase-project/node_modules/firebase/functions/package.json: Error: ENOENT: no such file or directory, open '/home/yun777567/my-firebase-project/node_modules/firebase/functions/package.json'
[Error - 8:27:38 AM] Failed to load entities from /home/yun777567/my-firebase-project/node_modules/pretty-format/package.json: Error: ENOENT: no such file or directory, open '/home/yun777567/my-firebase-project/node_modules/pretty-format/package.json'
[Error - 8:27:38 AM] Failed to load entities from /home/yun777567/my-firebase-project/node_modules/@sinclair/typebox/package.json: Error: ENOENT: no such file or directory, open '/home/yun777567/my-firebase-project/node_modules/@sinclair/typebox/package.json'
[Error - 8:27:38 AM] Failed to load entities from /home/yun777567/my-firebase-project/node_modules/istanbul-lib-report/package.json: Error: ENOENT: no such file or directory, open '/home/yun777567/my-firebase-project/node_modules/istanbul-lib-report/package.json'
[Error - 8:27:38 AM] Failed to load entities from /home/yun777567/my-firebase-project/node_modules/collect-v8-coverage/package.json: Error: ENOENT: no such file or directory, open '/home/yun777567/my-firebase-project/node_modules/collect-v8-coverage/package.json'
[Error - 8:27:38 AM] Failed to load entities from /home/yun777567/my-firebase-project/node_modules/stack-utils/package.json: Error: ENOENT: no such file or directory, open '/home/yun777567/my-firebase-project/node_modules/stack-utils/package.json'
[Error - 8:27:38 AM] Failed to load entities from /home/yun777567/my-firebase-project/node_modules/tsconfig-paths/package.json: Error: ENOENT: no such file or directory, open '/home/yun777567/my-firebase-project/node_modules/tsconfig-paths/package.json'
[Error - 8:27:38 AM] Failed to load entities from /home/yun777567/my-firebase-project/node_modules/@types/istanbul-reports/package.json: Error: ENOENT: no such file or directory, open '/home/yun777567/my-firebase-project/node_modules/@types/istanbul-reports/package.json'
[Error - 8:27:38 AM] Failed to load entities from /home/yun777567/my-firebase-project/node_modules/@types/babel__template/package.json: Error: ENOENT: no such file or directory, open '/home/yun777567/my-firebase-project/node_modules/@types/babel__template/package.json'
[Error - 8:27:38 AM] Failed to load entities from /home/yun777567/my-firebase-project/node_modules/@types/babel__traverse/package.json: Error: ENOENT: no such file or directory, open '/home/yun777567/my-firebase-project/node_modules/@types/babel__traverse/package.json'
[Error - 8:27:38 AM] Failed to load entities from /home/yun777567/my-firebase-project/node_modules/@types/istanbul-lib-report/package.json: Error: ENOENT: no such file or directory, open '/home/yun777567/my-firebase-project/node_modules/@types/istanbul-lib-report/package.json'
[Error - 8:27:38 AM] Failed to load entities from /home/yun777567/my-firebase-project/node_modules/@types/babel__core/package.json: Error: ENOENT: no such file or directory, open '/home/yun777567/my-firebase-project/node_modules/@types/babel__core/package.json'
[Error - 8:27:38 AM] Failed to load entities from /home/yun777567/my-firebase-project/node_modules/@types/stack-utils/package.json: Error: ENOENT: no such file or directory, open '/home/yun777567/my-firebase-project/node_modules/@types/stack-utils/package.json'
[Error - 8:27:38 AM] Failed to load entities from /home/yun777567/my-firebase-project/node_modules/@types/graceful-fs/package.json: Error: ENOENT: no such file or directory, open '/home/yun777567/my-firebase-project/node_modules/@types/graceful-fs/package.json'
[Error - 8:27:38 AM] Failed to load entities from /home/yun777567/my-firebase-project/node_modules/@types/istanbul-lib-coverage/package.json: Error: ENOENT: no such file or directory, open '/home/yun777567/my-firebase-project/node_modules/@types/istanbul-lib-coverage/package.json'
[Error - 8:27:38 AM] Failed to load entities from /home/yun777567/my-firebase-project/node_modules/@types/yargs/package.json: Error: ENOENT: no such file or directory, open '/home/yun777567/my-firebase-project/node_modules/@types/yargs/package.json'
[Error - 8:27:38 AM] Failed to load entities from /home/yun777567/my-firebase-project/node_modules/@types/node/package.json: Error: ENOENT: no such file or directory, open '/home/yun777567/my-firebase-project/node_modules/@types/node/package.json'
[Error - 8:27:38 AM] Failed to load entities from /home/yun777567/my-firebase-project/node_modules/@types/babel__generator/package.json: Error: ENOENT: no such file or directory, open '/home/yun777567/my-firebase-project/node_modules/@types/babel__generator/package.json'
[Error - 8:27:38 AM] Failed to load entities from /home/yun777567/my-firebase-project/node_modules/@types/jest/package.json: Error: ENOENT: no such file or directory, open '/home/yun777567/my-firebase-project/node_modules/@types/jest/package.json'
[Error - 8:27:38 AM] Failed to load entities from /home/yun777567/my-firebase-project/node_modules/@types/yargs-parser/package.json: Error: ENOENT: no such file or directory, open '/home/yun777567/my-firebase-project/node_modules/@types/yargs-parser/package.json'
[Error - 8:27:38 AM] Failed to load entities from /home/yun777567/my-firebase-project/node_modules/@types/gensync/package.json: Error: ENOENT: no such file or directory, open '/home/yun777567/my-firebase-project/node_modules/@types/gensync/package.json'
[Error - 8:27:38 AM] Failed to load entities from /home/yun777567/my-firebase-project/node_modules/graceful-fs/package.json: Error: ENOENT: no such file or directory, open '/home/yun777567/my-firebase-project/node_modules/graceful-fs/package.json'
[Error - 8:27:38 AM] Failed to load entities from /home/yun777567/my-firebase-project/node_modules/istanbul-lib-coverage/package.json: Error: ENOENT: no such file or directory, open '/home/yun777567/my-firebase-project/node_modules/istanbul-lib-coverage/package.json'
[Error - 8:27:38 AM] Failed to load entities from /home/yun777567/my-firebase-project/node_modules/jest-cli/package.json: Error: ENOENT: no such file or directory, open '/home/yun777567/my-firebase-project/node_modules/jest-cli/package.json'
[Error - 8:27:38 AM] Failed to load entities from /home/yun777567/my-firebase-project/node_modules/jest-runner/package.json: Error: ENOENT: no such file or directory, open '/home/yun777567/my-firebase-project/node_modules/jest-runner/package.json'
[Error - 8:27:38 AM] Failed to load entities from /home/yun777567/my-firebase-project/node_modules/expect/package.json: Error: ENOENT: no such file or directory, open '/home/yun777567/my-firebase-project/node_modules/expect/package.json'
[Error - 8:27:38 AM] Failed to load entities from /home/yun777567/my-firebase-project/node_modules/babel-jest/package.json: Error: ENOENT: no such file or directory, open '/home/yun777567/my-firebase-project/node_modules/babel-jest/package.json'
[Error - 8:27:38 AM] Failed to load entities from /home/yun777567/my-firebase-project/node_modules/jest-haste-map/package.json: Error: ENOENT: no such file or directory, open '/home/yun777567/my-firebase-project/node_modules/jest-haste-map/package.json'
[Error - 8:27:38 AM] Failed to load entities from /home/yun777567/my-firebase-project/node_modules/undici-types/package.json: Error: ENOENT: no such file or directory, open '/home/yun777567/my-firebase-project/node_modules/undici-types/package.json'
[Error - 8:27:38 AM] Failed to load entities from /home/yun777567/my-firebase-project/node_modules/jest-watcher/package.json: Error: ENOENT: no such file or directory, open '/home/yun777567/my-firebase-project/node_modules/jest-watcher/package.json'
[Error - 8:27:38 AM] Failed to load entities from /home/yun777567/my-firebase-project/node_modules/jest-message-util/package.json: Error: ENOENT: no such file or directory, open '/home/yun777567/my-firebase-project/node_modules/jest-message-util/package.json'
[Error - 8:27:38 AM] Failed to load entities from /home/yun777567/my-firebase-project/node_modules/yargs/package.json: Error: ENOENT: no such file or directory, open '/home/yun777567/my-firebase-project/node_modules/yargs/package.json'
[Error - 8:27:38 AM] Failed to load entities from /home/yun777567/my-firebase-project/node_modules/dotenv/package.json: Error: ENOENT: no such file or directory, open '/home/yun777567/my-firebase-project/node_modules/dotenv/package.json'
[Error - 8:27:38 AM] Failed to load entities from /home/yun777567/my-firebase-project/node_modules/@firebase/messaging/package.json: Error: ENOENT: no such file or directory, open '/home/yun777567/my-firebase-project/node_modules/@firebase/messaging/package.json'
[Error - 8:27:38 AM] Failed to load entities from /home/yun777567/my-firebase-project/node_modules/@firebase/messaging/sw/package.json: Error: ENOENT: no such file or directory, open '/home/yun777567/my-firebase-project/node_modules/@firebase/messaging/sw/package.json'
[Error - 8:27:38 AM] Failed to load entities from /home/yun777567/my-firebase-project/node_modules/@firebase/messaging-compat/package.json: Error: ENOENT: no such file or directory, open '/home/yun777567/my-firebase-project/node_modules/@firebase/messaging-compat/package.json'
[Error - 8:27:38 AM] Failed to load entities from /home/yun777567/my-firebase-project/node_modules/@firebase/remote-config/package.json: Error: ENOENT: no such file or directory, open '/home/yun777567/my-firebase-project/node_modules/@firebase/remote-config/package.json'
[Error - 8:27:38 AM] Failed to load entities from /home/yun777567/my-firebase-project/node_modules/@firebase/database-compat/package.json: Error: ENOENT: no such file or directory, open '/home/yun777567/my-firebase-project/node_modules/@firebase/database-compat/package.json'
[Error - 8:27:38 AM] Failed to load entities from /home/yun777567/my-firebase-project/node_modules/@firebase/logger/package.json: Error: ENOENT: no such file or directory, open '/home/yun777567/my-firebase-project/node_modules/@firebase/logger/package.json'
[Error - 8:27:38 AM] Failed to load entities from /home/yun777567/my-firebase-project/node_modules/@firebase/remote-config-types/package.json: Error: ENOENT: no such file or directory, open '/home/yun777567/my-firebase-project/node_modules/@firebase/remote-config-types/package.json'
[Error - 8:27:38 AM] Failed to load entities from /home/yun777567/my-firebase-project/node_modules/@firebase/analytics-types/package.json: Error: ENOENT: no such file or directory, open '/home/yun777567/my-firebase-project/node_modules/@firebase/analytics-types/package.json'
[Error - 8:27:38 AM] Failed to load entities from /home/yun777567/my-firebase-project/node_modules/@firebase/auth-interop-types/package.json: Error: ENOENT: no such file or directory, open '/home/yun777567/my-firebase-project/node_modules/@firebase/auth-interop-types/package.json'
[Error - 8:27:38 AM] Failed to load entities from /home/yun777567/my-firebase-project/node_modules/@firebase/data-connect/package.json: Error: ENOENT: no such file or directory, open '/home/yun777567/my-firebase-project/node_modules/@firebase/data-connect/package.json'
[Error - 8:27:38 AM] Failed to load entities from /home/yun777567/my-firebase-project/node_modules/@firebase/database-types/package.json: Error: ENOENT: no such file or directory, open '/home/yun777567/my-firebase-project/node_modules/@firebase/database-types/package.json'
[Error - 8:27:38 AM] Failed to load entities from /home/yun777567/my-firebase-project/node_modules/@firebase/app-types/package.json: Error: ENOENT: no such file or directory, open '/home/yun777567/my-firebase-project/node_modules/@firebase/app-types/package.json'
[Error - 8:27:38 AM] Failed to load entities from /home/yun777567/my-firebase-project/node_modules/@firebase/storage/package.json: Error: ENOENT: no such file or directory, open '/home/yun777567/my-firebase-project/node_modules/@firebase/storage/package.json'
[Error - 8:27:38 AM] Failed to load entities from /home/yun777567/my-firebase-project/node_modules/@firebase/installations-compat/package.json: Error: ENOENT: no such file or directory, open '/home/yun777567/my-firebase-project/node_modules/@firebase/installations-compat/package.json'
[Error - 8:27:38 AM] Failed to load entities from /home/yun777567/my-firebase-project/node_modules/@firebase/storage-compat/package.json: Error: ENOENT: no such file or directory, open '/home/yun777567/my-firebase-project/node_modules/@firebase/storage-compat/package.json'
[Error - 8:27:38 AM] Failed to load entities from /home/yun777567/my-firebase-project/node_modules/@firebase/app-check/package.json: Error: ENOENT: no such file or directory, open '/home/yun777567/my-firebase-project/node_modules/@firebase/app-check/package.json'
[Error - 8:27:38 AM] Failed to load entities from /home/yun777567/my-firebase-project/node_modules/@firebase/performance/package.json: Error: ENOENT: no such file or directory, open '/home/yun777567/my-firebase-project/node_modules/@firebase/performance/package.json'
[Error - 8:27:38 AM] Failed to load entities from /home/yun777567/my-firebase-project/node_modules/@firebase/storage-types/package.json: Error: ENOENT: no such file or directory, open '/home/yun777567/my-firebase-project/node_modules/@firebase/storage-types/package.json'
[Error - 8:27:38 AM] Failed to load entities from /home/yun777567/my-firebase-project/node_modules/@firebase/vertexai/package.json: Error: ENOENT: no such file or directory, open '/home/yun777567/my-firebase-project/node_modules/@firebase/vertexai/package.json'
[Error - 8:27:38 AM] Failed to load entities from /home/yun777567/my-firebase-project/node_modules/@firebase/auth/package.json: Error: ENOENT: no such file or directory, open '/home/yun777567/my-firebase-project/node_modules/@firebase/auth/package.json'
[Error - 8:27:38 AM] Failed to load entities from /home/yun777567/my-firebase-project/node_modules/@firebase/auth/cordova/package.json: Error: ENOENT: no such file or directory, open '/home/yun777567/my-firebase-project/node_modules/@firebase/auth/cordova/package.json'
[Error - 8:27:38 AM] Failed to load entities from /home/yun777567/my-firebase-project/node_modules/@firebase/auth/dist/web-extension-esm2017/package.json: Error: ENOENT: no such file or directory, open '/home/yun777567/my-firebase-project/node_modules/@firebase/auth/dist/web-extension-esm2017/package.json'
[Error - 8:27:38 AM] Failed to load entities from /home/yun777567/my-firebase-project/node_modules/@firebase/auth/web-extension/package.json: Error: ENOENT: no such file or directory, open '/home/yun777567/my-firebase-project/node_modules/@firebase/auth/web-extension/package.json'
[Error - 8:27:38 AM] Failed to load entities from /home/yun777567/my-firebase-project/node_modules/@firebase/analytics-compat/package.json: Error: ENOENT: no such file or directory, open '/home/yun777567/my-firebase-project/node_modules/@firebase/analytics-compat/package.json'
[Error - 8:27:38 AM] Failed to load entities from /home/yun777567/my-firebase-project/node_modules/@firebase/functions-compat/package.json: Error: ENOENT: no such file or directory, open '/home/yun777567/my-firebase-project/node_modules/@firebase/functions-compat/package.json'
[Error - 8:27:38 AM] Failed to load entities from /home/yun777567/my-firebase-project/node_modules/@firebase/firestore/lite/package.json: Error: ENOENT: no such file or directory, open '/home/yun777567/my-firebase-project/node_modules/@firebase/firestore/lite/package.json'
[Error - 8:27:38 AM] Failed to load entities from /home/yun777567/my-firebase-project/node_modules/@firebase/firestore/package.json: Error: ENOENT: no such file or directory, open '/home/yun777567/my-firebase-project/node_modules/@firebase/firestore/package.json'
[Error - 8:27:38 AM] Failed to load entities from /home/yun777567/my-firebase-project/node_modules/@firebase/installations-types/package.json: Error: ENOENT: no such file or directory, open '/home/yun777567/my-firebase-project/node_modules/@firebase/installations-types/package.json'
[Error - 8:27:38 AM] Failed to load entities from /home/yun777567/my-firebase-project/node_modules/@firebase/database/package.json: Error: ENOENT: no such file or directory, open '/home/yun777567/my-firebase-project/node_modules/@firebase/database/package.json'
[Error - 8:27:38 AM] Failed to load entities from /home/yun777567/my-firebase-project/node_modules/@firebase/app/package.json: Error: ENOENT: no such file or directory, open '/home/yun777567/my-firebase-project/node_modules/@firebase/app/package.json'
[Error - 8:27:38 AM] Failed to load entities from /home/yun777567/my-firebase-project/node_modules/@firebase/auth-types/package.json: Error: ENOENT: no such file or directory, open '/home/yun777567/my-firebase-project/node_modules/@firebase/auth-types/package.json'
[Error - 8:27:38 AM] Failed to load entities from /home/yun777567/my-firebase-project/node_modules/@firebase/component/package.json: Error: ENOENT: no such file or directory, open '/home/yun777567/my-firebase-project/node_modules/@firebase/component/package.json'
[Error - 8:27:38 AM] Failed to load entities from /home/yun777567/my-firebase-project/node_modules/@firebase/performance-types/package.json: Error: ENOENT: no such file or directory, open '/home/yun777567/my-firebase-project/node_modules/@firebase/performance-types/package.json'
[Error - 8:27:38 AM] Failed to load entities from /home/yun777567/my-firebase-project/node_modules/@firebase/installations/package.json: Error: ENOENT: no such file or directory, open '/home/yun777567/my-firebase-project/node_modules/@firebase/installations/package.json'
[Error - 8:27:38 AM] Failed to load entities from /home/yun777567/my-firebase-project/node_modules/@firebase/analytics/package.json: Error: ENOENT: no such file or directory, open '/home/yun777567/my-firebase-project/node_modules/@firebase/analytics/package.json'
[Error - 8:27:38 AM] Failed to load entities from /home/yun777567/my-firebase-project/node_modules/@firebase/remote-config-compat/package.json: Error: ENOENT: no such file or directory, open '/home/yun777567/my-firebase-project/node_modules/@firebase/remote-config-compat/package.json'
[Error - 8:27:38 AM] Failed to load entities from /home/yun777567/my-firebase-project/node_modules/@firebase/app-check-interop-types/package.json: Error: ENOENT: no such file or directory, open '/home/yun777567/my-firebase-project/node_modules/@firebase/app-check-interop-types/package.json'
[Error - 8:27:38 AM] Failed to load entities from /home/yun777567/my-firebase-project/node_modules/@firebase/functions-types/package.json: Error: ENOENT: no such file or directory, open '/home/yun777567/my-firebase-project/node_modules/@firebase/functions-types/package.json'
[Error - 8:27:38 AM] Failed to load entities from /home/yun777567/my-firebase-project/node_modules/@firebase/app-check-compat/package.json: Error: ENOENT: no such file or directory, open '/home/yun777567/my-firebase-project/node_modules/@firebase/app-check-compat/package.json'
[Error - 8:27:38 AM] Failed to load entities from /home/yun777567/my-firebase-project/node_modules/@firebase/functions/package.json: Error: ENOENT: no such file or directory, open '/home/yun777567/my-firebase-project/node_modules/@firebase/functions/package.json'
[Error - 8:27:38 AM] Failed to load entities from /home/yun777567/my-firebase-project/node_modules/@firebase/util/package.json: Error: ENOENT: no such file or directory, open '/home/yun777567/my-firebase-project/node_modules/@firebase/util/package.json'
[Error - 8:27:38 AM] Failed to load entities from /home/yun777567/my-firebase-project/node_modules/@firebase/firestore-compat/package.json: Error: ENOENT: no such file or directory, open '/home/yun777567/my-firebase-project/node_modules/@firebase/firestore-compat/package.json'
[Error - 8:27:38 AM] Failed to load entities from /home/yun777567/my-firebase-project/node_modules/@firebase/app-compat/package.json: Error: ENOENT: no such file or directory, open '/home/yun777567/my-firebase-project/node_modules/@firebase/app-compat/package.json'
[Error - 8:27:38 AM] Failed to load entities from /home/yun777567/my-firebase-project/node_modules/@firebase/auth-compat/package.json: Error: ENOENT: no such file or directory, open '/home/yun777567/my-firebase-project/node_modules/@firebase/auth-compat/package.json'
[Error - 8:27:38 AM] Failed to load entities from /home/yun777567/my-firebase-project/node_modules/@firebase/firestore-types/package.json: Error: ENOENT: no such file or directory, open '/home/yun777567/my-firebase-project/node_modules/@firebase/firestore-types/package.json'
[Error - 8:27:38 AM] Failed to load entities from /home/yun777567/my-firebase-project/node_modules/@firebase/app-check-types/package.json: Error: ENOENT: no such file or directory, open '/home/yun777567/my-firebase-project/node_modules/@firebase/app-check-types/package.json'
[Error - 8:27:38 AM] Failed to load entities from /home/yun777567/my-firebase-project/node_modules/@firebase/performance-compat/package.json: Error: ENOENT: no such file or directory, open '/home/yun777567/my-firebase-project/node_modules/@firebase/performance-compat/package.json'
[Error - 8:27:38 AM] Failed to load entities from /home/yun777567/my-firebase-project/node_modules/typescript/package.json: Error: ENOENT: no such file or directory, open '/home/yun777567/my-firebase-project/node_modules/typescript/package.json'
[Error - 8:27:38 AM] Failed to load entities from /home/yun777567/my-firebase-project/node_modules/chalk/package.json: Error: ENOENT: no such file or directory, open '/home/yun777567/my-firebase-project/node_modules/chalk/package.json'
[Error - 8:27:38 AM] Failed to load entities from /home/yun777567/my-firebase-project/node_modules/jest-matcher-utils/package.json: Error: ENOENT: no such file or directory, open '/home/yun777567/my-firebase-project/node_modules/jest-matcher-utils/package.json'
[Error - 8:27:38 AM] Failed to load entities from /home/yun777567/my-firebase-project/node_modules/jest/package.json: Error: ENOENT: no such file or directory, open '/home/yun777567/my-firebase-project/node_modules/jest/package.json'
[Error - 8:27:38 AM] Failed to load entities from /home/yun777567/my-firebase-project/node_modules/jest-changed-files/package.json: Error: ENOENT: no such file or directory, open '/home/yun777567/my-firebase-project/node_modules/jest-changed-files/package.json'
[Error - 8:27:38 AM] Failed to load entities from /home/yun777567/my-firebase-project/node_modules/bs-logger/package.json: Error: ENOENT: no such file or directory, open '/home/yun777567/my-firebase-project/node_modules/bs-logger/package.json'
[Error - 8:27:38 AM] Failed to load entities from /home/yun777567/my-firebase-project/node_modules/yargs-parser/package.json: Error: ENOENT: no such file or directory, open '/home/yun777567/my-firebase-project/node_modules/yargs-parser/package.json'
[Error - 8:27:38 AM] Failed to load entities from /home/yun777567/my-firebase-project/node_modules/jest-resolve/package.json: Error: ENOENT: no such file or directory, open '/home/yun777567/my-firebase-project/node_modules/jest-resolve/package.json'
[Error - 8:27:38 AM] Failed to load entities from /home/yun777567/my-firebase-project/node_modules/@jridgewell/trace-mapping/package.json: Error: ENOENT: no such file or directory, open '/home/yun777567/my-firebase-project/node_modules/@jridgewell/trace-mapping/package.json'
[Error - 8:27:38 AM] Failed to load entities from /home/yun777567/my-firebase-project/node_modules/emittery/package.json: Error: ENOENT: no such file or directory, open '/home/yun777567/my-firebase-project/node_modules/emittery/package.json'
[Error - 8:27:38 AM] Failed to load entities from /home/yun777567/my-firebase-project/node_modules/@jest/types/package.json: Error: ENOENT: no such file or directory, open '/home/yun777567/my-firebase-project/node_modules/@jest/types/package.json'
[Error - 8:27:38 AM] Failed to load entities from /home/yun777567/my-firebase-project/node_modules/@jest/expect-utils/package.json: Error: ENOENT: no such file or directory, open '/home/yun777567/my-firebase-project/node_modules/@jest/expect-utils/package.json'
[Error - 8:27:38 AM] Failed to load entities from /home/yun777567/my-firebase-project/node_modules/@jest/console/package.json: Error: ENOENT: no such file or directory, open '/home/yun777567/my-firebase-project/node_modules/@jest/console/package.json'
[Error - 8:27:38 AM] Failed to load entities from /home/yun777567/my-firebase-project/node_modules/@jest/core/package.json: Error: ENOENT: no such file or directory, open '/home/yun777567/my-firebase-project/node_modules/@jest/core/package.json'
[Error - 8:27:38 AM] Failed to load entities from /home/yun777567/my-firebase-project/node_modules/@jest/test-result/package.json: Error: ENOENT: no such file or directory, open '/home/yun777567/my-firebase-project/node_modules/@jest/test-result/package.json'
[Error - 8:27:38 AM] Failed to load entities from /home/yun777567/my-firebase-project/node_modules/@jest/reporters/package.json: Error: ENOENT: no such file or directory, open '/home/yun777567/my-firebase-project/node_modules/@jest/reporters/package.json'
[Error - 8:27:38 AM] Failed to load entities from /home/yun777567/my-firebase-project/node_modules/@jest/transform/package.json: Error: ENOENT: no such file or directory, open '/home/yun777567/my-firebase-project/node_modules/@jest/transform/package.json'
[Error - 8:27:38 AM] Failed to load entities from /home/yun777567/my-firebase-project/node_modules/@jest/schemas/package.json: Error: ENOENT: no such file or directory, open '/home/yun777567/my-firebase-project/node_modules/@jest/schemas/package.json'
[Error - 8:27:38 AM] Failed to load entities from /home/yun777567/my-firebase-project/node_modules/ts-jest/package.json: Error: ENOENT: no such file or directory, open '/home/yun777567/my-firebase-project/node_modules/ts-jest/package.json'
